0 verbose cli /usr/local/bin/node /usr/local/bin/npm
1 info using npm@10.8.3
2 info using node@v22.8.0
3 silly config load:file:/usr/local/lib/node_modules/npm/npmrc
4 silly config load:file:/Users/lixiachen/.npmrc
5 silly config load:file:/usr/local/etc/npmrc
6 verbose title npm install json-server
7 verbose argv "install" "--global" "json-server"
8 verbose logfile logs-max:10 dir:/Users/lixiachen/MakeItEasy-UI/C:Develnodejsnpm-cache/_logs/2024-10-29T03_02_35_978Z-
9 verbose logfile /Users/lixiachen/MakeItEasy-UI/C:Develnodejsnpm-cache/_logs/2024-10-29T03_02_35_978Z-debug-0.log
10 silly packumentCache heap:4345298944 maxSize:1086324736 maxEntrySize:543162368
11 silly logfile done cleaning log files
12 silly idealTree buildDeps
13 silly fetch manifest json-server@*
14 silly packumentCache full:https://registry.npmjs.org/json-server cache-miss
15 http fetch GET 200 https://registry.npmjs.org/json-server 419ms (cache miss)
16 silly packumentCache full:https://registry.npmjs.org/json-server set size:undefined disposed:false
17 silly placeDep ROOT json-server@1.0.0-beta.3 OK for:  want: *
18 silly fetch manifest @tinyhttp/app@^2.4.0
19 silly packumentCache full:https://registry.npmjs.org/@tinyhttp%2fapp cache-miss
20 silly fetch manifest @tinyhttp/cors@^2.0.1
21 silly packumentCache full:https://registry.npmjs.org/@tinyhttp%2fcors cache-miss
22 silly fetch manifest @tinyhttp/logger@^2.0.0
23 silly packumentCache full:https://registry.npmjs.org/@tinyhttp%2flogger cache-miss
24 silly fetch manifest chalk@^5.3.0
25 silly packumentCache full:https://registry.npmjs.org/chalk cache-miss
26 silly fetch manifest chokidar@^4.0.1
27 silly packumentCache full:https://registry.npmjs.org/chokidar cache-miss
28 silly fetch manifest dot-prop@^9.0.0
29 silly packumentCache full:https://registry.npmjs.org/dot-prop cache-miss
30 silly fetch manifest eta@^3.5.0
31 silly packumentCache full:https://registry.npmjs.org/eta cache-miss
32 http fetch GET 200 https://registry.npmjs.org/dot-prop 85ms (cache miss)
33 silly packumentCache full:https://registry.npmjs.org/dot-prop set size:undefined disposed:false
34 silly fetch manifest inflection@^3.0.0
35 silly packumentCache full:https://registry.npmjs.org/inflection cache-miss
36 http fetch GET 200 https://registry.npmjs.org/chokidar 91ms (cache miss)
37 silly packumentCache full:https://registry.npmjs.org/chokidar set size:undefined disposed:false
38 silly fetch manifest json5@^2.2.3
39 silly packumentCache full:https://registry.npmjs.org/json5 cache-miss
40 http fetch GET 200 https://registry.npmjs.org/chalk 97ms (cache miss)
41 silly packumentCache full:https://registry.npmjs.org/chalk set size:undefined disposed:false
42 silly fetch manifest lowdb@^7.0.1
43 silly packumentCache full:https://registry.npmjs.org/lowdb cache-miss
44 http fetch GET 200 https://registry.npmjs.org/eta 101ms (cache miss)
45 silly packumentCache full:https://registry.npmjs.org/eta set size:undefined disposed:false
46 silly fetch manifest milliparsec@^4.0.0
47 silly packumentCache full:https://registry.npmjs.org/milliparsec cache-miss
48 http fetch GET 200 https://registry.npmjs.org/json5 35ms (cache miss)
49 silly packumentCache full:https://registry.npmjs.org/json5 set size:undefined disposed:false
50 silly fetch manifest sirv@^2.0.4
51 silly packumentCache full:https://registry.npmjs.org/sirv cache-miss
52 http fetch GET 200 https://registry.npmjs.org/inflection 44ms (cache miss)
53 silly packumentCache full:https://registry.npmjs.org/inflection set size:undefined disposed:false
54 silly fetch manifest sort-on@^6.1.0
55 silly packumentCache full:https://registry.npmjs.org/sort-on cache-miss
56 http fetch GET 200 https://registry.npmjs.org/lowdb 40ms (cache miss)
57 silly packumentCache full:https://registry.npmjs.org/lowdb set size:undefined disposed:false
58 http fetch GET 200 https://registry.npmjs.org/sort-on 33ms (cache miss)
59 silly packumentCache full:https://registry.npmjs.org/sort-on set size:undefined disposed:false
60 http fetch GET 200 https://registry.npmjs.org/sirv 38ms (cache miss)
61 silly packumentCache full:https://registry.npmjs.org/sirv set size:undefined disposed:false
62 http fetch GET 200 https://registry.npmjs.org/milliparsec 68ms (cache miss)
63 silly packumentCache full:https://registry.npmjs.org/milliparsec set size:undefined disposed:false
64 http fetch GET 200 https://registry.npmjs.org/@tinyhttp%2fapp 701ms (cache miss)
65 silly packumentCache full:https://registry.npmjs.org/@tinyhttp%2fapp set size:undefined disposed:false
66 http fetch GET 200 https://registry.npmjs.org/@tinyhttp%2fcors 745ms (cache miss)
67 silly packumentCache full:https://registry.npmjs.org/@tinyhttp%2fcors set size:undefined disposed:false
68 http fetch GET 200 https://registry.npmjs.org/@tinyhttp%2flogger 833ms (cache miss)
69 silly packumentCache full:https://registry.npmjs.org/@tinyhttp%2flogger set size:undefined disposed:false
70 silly placeDep node_modules/json-server @tinyhttp/app@2.4.0 OK for: json-server@1.0.0-beta.3 want: ^2.4.0
71 silly placeDep node_modules/json-server @tinyhttp/cors@2.0.1 OK for: json-server@1.0.0-beta.3 want: ^2.0.1
72 silly placeDep node_modules/json-server @tinyhttp/logger@2.0.0 OK for: json-server@1.0.0-beta.3 want: ^2.0.0
73 silly placeDep node_modules/json-server chalk@5.3.0 OK for: json-server@1.0.0-beta.3 want: ^5.3.0
74 silly placeDep node_modules/json-server chokidar@4.0.1 OK for: json-server@1.0.0-beta.3 want: ^4.0.1
75 silly placeDep node_modules/json-server dot-prop@9.0.0 OK for: json-server@1.0.0-beta.3 want: ^9.0.0
76 silly placeDep node_modules/json-server eta@3.5.0 OK for: json-server@1.0.0-beta.3 want: ^3.5.0
77 silly placeDep node_modules/json-server inflection@3.0.0 OK for: json-server@1.0.0-beta.3 want: ^3.0.0
78 silly placeDep node_modules/json-server json5@2.2.3 OK for: json-server@1.0.0-beta.3 want: ^2.2.3
79 silly placeDep node_modules/json-server lowdb@7.0.1 OK for: json-server@1.0.0-beta.3 want: ^7.0.1
80 silly placeDep node_modules/json-server milliparsec@4.0.0 OK for: json-server@1.0.0-beta.3 want: ^4.0.0
81 silly placeDep node_modules/json-server sirv@2.0.4 OK for: json-server@1.0.0-beta.3 want: ^2.0.4
82 silly placeDep node_modules/json-server sort-on@6.1.0 OK for: json-server@1.0.0-beta.3 want: ^6.1.0
83 silly fetch manifest header-range-parser@1.1.3
84 silly packumentCache full:https://registry.npmjs.org/header-range-parser cache-miss
85 silly fetch manifest regexparam@^2.0.2
86 silly packumentCache full:https://registry.npmjs.org/regexparam cache-miss
87 silly fetch manifest @tinyhttp/cookie@2.1.1
88 silly packumentCache full:https://registry.npmjs.org/@tinyhttp%2fcookie cache-miss
89 silly fetch manifest @tinyhttp/proxy-addr@2.2.0
90 silly packumentCache full:https://registry.npmjs.org/@tinyhttp%2fproxy-addr cache-miss
91 silly fetch manifest @tinyhttp/res@2.2.4
92 silly packumentCache full:https://registry.npmjs.org/@tinyhttp%2fres cache-miss
93 silly fetch manifest @tinyhttp/req@2.2.4
94 silly packumentCache full:https://registry.npmjs.org/@tinyhttp%2freq cache-miss
95 silly fetch manifest @tinyhttp/router@2.2.3
96 silly packumentCache full:https://registry.npmjs.org/@tinyhttp%2frouter cache-miss
97 http fetch GET 200 https://registry.npmjs.org/regexparam 70ms (cache miss)
98 silly packumentCache full:https://registry.npmjs.org/regexparam set size:undefined disposed:false
99 silly fetch manifest @tinyhttp/vary@^0.1.3
100 silly packumentCache full:https://registry.npmjs.org/@tinyhttp%2fvary cache-miss
101 http fetch GET 200 https://registry.npmjs.org/header-range-parser 72ms (cache miss)
102 silly packumentCache full:https://registry.npmjs.org/header-range-parser set size:undefined disposed:false
103 silly fetch manifest colorette@^2.0.20
104 silly packumentCache full:https://registry.npmjs.org/colorette cache-miss
105 http fetch GET 200 https://registry.npmjs.org/colorette 37ms (cache miss)
106 silly packumentCache full:https://registry.npmjs.org/colorette set size:undefined disposed:false
107 silly fetch manifest dayjs@^1.11.10
108 silly packumentCache full:https://registry.npmjs.org/dayjs cache-miss
109 http fetch GET 200 https://registry.npmjs.org/dayjs 38ms (cache miss)
110 silly packumentCache full:https://registry.npmjs.org/dayjs set size:undefined disposed:false
111 silly fetch manifest http-status-emojis@^2.2.0
112 silly packumentCache full:https://registry.npmjs.org/http-status-emojis cache-miss
113 http fetch GET 200 https://registry.npmjs.org/@tinyhttp%2fvary 371ms (cache miss)
114 silly packumentCache full:https://registry.npmjs.org/@tinyhttp%2fvary set size:undefined disposed:false
115 silly fetch manifest readdirp@^4.0.1
116 silly packumentCache full:https://registry.npmjs.org/readdirp cache-miss
117 http fetch GET 200 https://registry.npmjs.org/http-status-emojis 312ms (cache miss)
118 silly packumentCache full:https://registry.npmjs.org/http-status-emojis set size:undefined disposed:false
119 silly fetch manifest type-fest@^4.18.2
120 silly packumentCache full:https://registry.npmjs.org/type-fest cache-miss
121 http fetch GET 200 https://registry.npmjs.org/readdirp 41ms (cache miss)
122 silly packumentCache full:https://registry.npmjs.org/readdirp set size:undefined disposed:false
123 silly fetch manifest steno@^4.0.2
124 silly packumentCache full:https://registry.npmjs.org/steno cache-miss
125 http fetch GET 200 https://registry.npmjs.org/type-fest 41ms (cache miss)
126 silly packumentCache full:https://registry.npmjs.org/type-fest set size:undefined disposed:false
127 silly fetch manifest mrmime@^2.0.0
128 silly packumentCache full:https://registry.npmjs.org/mrmime cache-miss
129 http fetch GET 200 https://registry.npmjs.org/steno 49ms (cache miss)
130 silly packumentCache full:https://registry.npmjs.org/steno set size:undefined disposed:false
131 silly fetch manifest totalist@^3.0.0
132 silly packumentCache full:https://registry.npmjs.org/totalist cache-miss
133 http fetch GET 200 https://registry.npmjs.org/mrmime 38ms (cache miss)
134 silly packumentCache full:https://registry.npmjs.org/mrmime set size:undefined disposed:false
135 silly fetch manifest @polka/url@^1.0.0-next.24
136 silly packumentCache full:https://registry.npmjs.org/@polka%2furl cache-miss
137 http fetch GET 200 https://registry.npmjs.org/totalist 38ms (cache miss)
138 silly packumentCache full:https://registry.npmjs.org/totalist set size:undefined disposed:false
139 http fetch GET 200 https://registry.npmjs.org/@polka%2furl 65ms (cache miss)
140 silly packumentCache full:https://registry.npmjs.org/@polka%2furl set size:undefined disposed:false
141 http fetch GET 200 https://registry.npmjs.org/@tinyhttp%2frouter 645ms (cache miss)
142 silly packumentCache full:https://registry.npmjs.org/@tinyhttp%2frouter set size:undefined disposed:false
143 http fetch GET 200 https://registry.npmjs.org/@tinyhttp%2fproxy-addr 683ms (cache miss)
144 silly packumentCache full:https://registry.npmjs.org/@tinyhttp%2fproxy-addr set size:undefined disposed:false
145 http fetch GET 200 https://registry.npmjs.org/@tinyhttp%2fcookie 689ms (cache miss)
146 silly packumentCache full:https://registry.npmjs.org/@tinyhttp%2fcookie set size:undefined disposed:false
147 http fetch GET 200 https://registry.npmjs.org/@tinyhttp%2fres 697ms (cache miss)
148 silly packumentCache full:https://registry.npmjs.org/@tinyhttp%2fres set size:undefined disposed:false
149 http fetch GET 200 https://registry.npmjs.org/@tinyhttp%2freq 717ms (cache miss)
150 silly packumentCache full:https://registry.npmjs.org/@tinyhttp%2freq set size:undefined disposed:false
151 silly placeDep node_modules/json-server @tinyhttp/cookie@2.1.1 OK for: @tinyhttp/app@2.4.0 want: 2.1.1
152 silly placeDep node_modules/json-server @tinyhttp/proxy-addr@2.2.0 OK for: @tinyhttp/app@2.4.0 want: 2.2.0
153 silly placeDep node_modules/json-server @tinyhttp/req@2.2.4 OK for: @tinyhttp/app@2.4.0 want: 2.2.4
154 silly placeDep node_modules/json-server @tinyhttp/res@2.2.4 OK for: @tinyhttp/app@2.4.0 want: 2.2.4
155 silly placeDep node_modules/json-server @tinyhttp/router@2.2.3 OK for: @tinyhttp/app@2.4.0 want: 2.2.3
156 silly placeDep node_modules/json-server header-range-parser@1.1.3 OK for: @tinyhttp/app@2.4.0 want: 1.1.3
157 silly placeDep node_modules/json-server regexparam@2.0.2 OK for: @tinyhttp/app@2.4.0 want: ^2.0.2
158 silly fetch manifest ipaddr.js@^2.2.0
159 silly packumentCache full:https://registry.npmjs.org/ipaddr.js cache-miss
160 silly fetch manifest @tinyhttp/forwarded@2.1.1
161 silly packumentCache full:https://registry.npmjs.org/@tinyhttp%2fforwarded cache-miss
162 silly fetch manifest header-range-parser@^1.1.3
163 silly packumentCache full:https://registry.npmjs.org/header-range-parser cache-miss
164 silly fetch manifest @tinyhttp/url@2.1.1
165 silly packumentCache full:https://registry.npmjs.org/@tinyhttp%2furl cache-miss
166 silly fetch manifest @tinyhttp/accepts@2.2.3
167 silly packumentCache full:https://registry.npmjs.org/@tinyhttp%2faccepts cache-miss
168 silly fetch manifest @tinyhttp/type-is@2.2.4
169 silly packumentCache full:https://registry.npmjs.org/@tinyhttp%2ftype-is cache-miss
170 silly fetch manifest es-escape-html@^0.1.1
171 silly packumentCache full:https://registry.npmjs.org/es-escape-html cache-miss
172 http fetch GET 200 https://registry.npmjs.org/header-range-parser 7ms (cache hit)
173 silly packumentCache full:https://registry.npmjs.org/header-range-parser set size:41786 disposed:false
174 silly fetch manifest mime@4.0.4
175 silly packumentCache full:https://registry.npmjs.org/mime cache-miss
176 http fetch GET 200 https://registry.npmjs.org/mime 33ms (cache miss)
177 silly packumentCache full:https://registry.npmjs.org/mime set size:undefined disposed:false
178 silly fetch manifest @tinyhttp/content-disposition@2.2.2
179 silly packumentCache full:https://registry.npmjs.org/@tinyhttp%2fcontent-disposition cache-miss
180 http fetch GET 200 https://registry.npmjs.org/ipaddr.js 48ms (cache miss)
181 silly packumentCache full:https://registry.npmjs.org/ipaddr.js set size:undefined disposed:false
182 silly fetch manifest @tinyhttp/cookie-signature@2.1.1
183 silly packumentCache full:https://registry.npmjs.org/@tinyhttp%2fcookie-signature cache-miss
184 http fetch GET 200 https://registry.npmjs.org/es-escape-html 75ms (cache miss)
185 silly packumentCache full:https://registry.npmjs.org/es-escape-html set size:undefined disposed:false
186 silly fetch manifest @tinyhttp/encode-url@2.1.1
187 silly packumentCache full:https://registry.npmjs.org/@tinyhttp%2fencode-url cache-miss
188 http fetch GET 200 https://registry.npmjs.org/@tinyhttp%2ftype-is 134ms (cache miss)
189 silly packumentCache full:https://registry.npmjs.org/@tinyhttp%2ftype-is set size:undefined disposed:false
190 silly fetch manifest @tinyhttp/send@2.2.3
191 silly packumentCache full:https://registry.npmjs.org/@tinyhttp%2fsend cache-miss
192 http fetch GET 200 https://registry.npmjs.org/@tinyhttp%2fcookie-signature 194ms (cache miss)
193 silly packumentCache full:https://registry.npmjs.org/@tinyhttp%2fcookie-signature set size:undefined disposed:false
194 http fetch GET 200 https://registry.npmjs.org/@tinyhttp%2furl 384ms (cache miss)
195 silly packumentCache full:https://registry.npmjs.org/@tinyhttp%2furl set size:undefined disposed:false
196 http fetch GET 200 https://registry.npmjs.org/@tinyhttp%2fforwarded 442ms (cache miss)
197 silly packumentCache full:https://registry.npmjs.org/@tinyhttp%2fforwarded set size:undefined disposed:false
198 http fetch GET 200 https://registry.npmjs.org/@tinyhttp%2faccepts 513ms (cache miss)
199 silly packumentCache full:https://registry.npmjs.org/@tinyhttp%2faccepts set size:undefined disposed:false
200 http fetch GET 200 https://registry.npmjs.org/@tinyhttp%2fcontent-disposition 710ms (cache miss)
201 silly packumentCache full:https://registry.npmjs.org/@tinyhttp%2fcontent-disposition set size:undefined disposed:false
202 http fetch GET 200 https://registry.npmjs.org/@tinyhttp%2fsend 653ms (cache miss)
203 silly packumentCache full:https://registry.npmjs.org/@tinyhttp%2fsend set size:undefined disposed:false
204 http fetch GET 200 https://registry.npmjs.org/@tinyhttp%2fencode-url 762ms (cache miss)
205 silly packumentCache full:https://registry.npmjs.org/@tinyhttp%2fencode-url set size:undefined disposed:false
206 silly placeDep node_modules/json-server @tinyhttp/vary@0.1.3 OK for: @tinyhttp/cors@2.0.1 want: ^0.1.3
207 silly placeDep node_modules/json-server colorette@2.0.20 OK for: @tinyhttp/logger@2.0.0 want: ^2.0.20
208 silly placeDep node_modules/json-server dayjs@1.11.13 OK for: @tinyhttp/logger@2.0.0 want: ^1.11.10
209 silly placeDep node_modules/json-server http-status-emojis@2.2.0 OK for: @tinyhttp/logger@2.0.0 want: ^2.2.0
210 silly placeDep node_modules/json-server @tinyhttp/forwarded@2.1.1 OK for: @tinyhttp/proxy-addr@2.2.0 want: 2.1.1
211 silly placeDep node_modules/json-server ipaddr.js@2.2.0 OK for: @tinyhttp/proxy-addr@2.2.0 want: ^2.2.0
212 silly placeDep node_modules/json-server @tinyhttp/accepts@2.2.3 OK for: @tinyhttp/req@2.2.4 want: 2.2.3
213 silly placeDep node_modules/json-server @tinyhttp/type-is@2.2.4 OK for: @tinyhttp/req@2.2.4 want: 2.2.4
214 silly placeDep node_modules/json-server @tinyhttp/url@2.1.1 OK for: @tinyhttp/req@2.2.4 want: 2.1.1
215 silly fetch manifest negotiator@^0.6.3
216 silly packumentCache full:https://registry.npmjs.org/negotiator cache-miss
217 silly fetch manifest @tinyhttp/content-type@^0.1.4
218 silly packumentCache full:https://registry.npmjs.org/@tinyhttp%2fcontent-type cache-miss
219 http fetch GET 200 https://registry.npmjs.org/negotiator 56ms (cache miss)
220 silly packumentCache full:https://registry.npmjs.org/negotiator set size:undefined disposed:false
221 http fetch GET 200 https://registry.npmjs.org/@tinyhttp%2fcontent-type 449ms (cache miss)
222 silly packumentCache full:https://registry.npmjs.org/@tinyhttp%2fcontent-type set size:undefined disposed:false
223 silly placeDep node_modules/json-server mime@4.0.4 OK for: @tinyhttp/accepts@2.2.3 want: 4.0.4
224 silly placeDep node_modules/json-server negotiator@0.6.4 OK for: @tinyhttp/accepts@2.2.3 want: ^0.6.3
225 silly placeDep node_modules/json-server @tinyhttp/content-disposition@2.2.2 OK for: @tinyhttp/res@2.2.4 want: 2.2.2
226 silly placeDep node_modules/json-server @tinyhttp/cookie-signature@2.1.1 OK for: @tinyhttp/res@2.2.4 want: 2.1.1
227 silly placeDep node_modules/json-server @tinyhttp/encode-url@2.1.1 OK for: @tinyhttp/res@2.2.4 want: 2.1.1
228 silly placeDep node_modules/json-server @tinyhttp/send@2.2.3 OK for: @tinyhttp/res@2.2.4 want: 2.2.3
229 silly placeDep node_modules/json-server es-escape-html@0.1.1 OK for: @tinyhttp/res@2.2.4 want: ^0.1.1
230 silly fetch manifest @tinyhttp/etag@2.1.2
231 silly packumentCache full:https://registry.npmjs.org/@tinyhttp%2fetag cache-miss
232 http fetch GET 200 https://registry.npmjs.org/@tinyhttp%2fetag 138ms (cache miss)
233 silly packumentCache full:https://registry.npmjs.org/@tinyhttp%2fetag set size:undefined disposed:false
234 silly placeDep node_modules/json-server @tinyhttp/content-type@0.1.4 OK for: @tinyhttp/send@2.2.3 want: ^0.1.4
235 silly placeDep node_modules/json-server @tinyhttp/etag@2.1.2 OK for: @tinyhttp/send@2.2.3 want: 2.1.2
236 silly placeDep node_modules/json-server readdirp@4.0.2 OK for: chokidar@4.0.1 want: ^4.0.1
237 silly placeDep node_modules/json-server type-fest@4.26.1 OK for: dot-prop@9.0.0 want: ^4.18.2
238 silly placeDep node_modules/json-server steno@4.0.2 OK for: lowdb@7.0.1 want: ^4.0.2
239 silly placeDep node_modules/json-server @polka/url@1.0.0-next.28 OK for: sirv@2.0.4 want: ^1.0.0-next.24
240 silly placeDep node_modules/json-server mrmime@2.0.0 OK for: sirv@2.0.4 want: ^2.0.0
241 silly placeDep node_modules/json-server totalist@3.0.1 OK for: sirv@2.0.4 want: ^3.0.0
242 silly reify moves {}
243 silly tarball no local data for json-server@https://registry.npmjs.org/json-server/-/json-server-1.0.0-beta.3.tgz. Extracting by manifest.
244 silly tarball no local data for totalist@https://registry.npmjs.org/totalist/-/totalist-3.0.1.tgz. Extracting by manifest.
245 silly tarball no local data for @polka/url@https://registry.npmjs.org/@polka/url/-/url-1.0.0-next.28.tgz. Extracting by manifest.
246 silly tarball no local data for mrmime@https://registry.npmjs.org/mrmime/-/mrmime-2.0.0.tgz. Extracting by manifest.
247 silly tarball no local data for steno@https://registry.npmjs.org/steno/-/steno-4.0.2.tgz. Extracting by manifest.
248 silly tarball no local data for type-fest@https://registry.npmjs.org/type-fest/-/type-fest-4.26.1.tgz. Extracting by manifest.
249 silly tarball no local data for readdirp@https://registry.npmjs.org/readdirp/-/readdirp-4.0.2.tgz. Extracting by manifest.
250 silly tarball no local data for @tinyhttp/etag@https://registry.npmjs.org/@tinyhttp/etag/-/etag-2.1.2.tgz. Extracting by manifest.
251 silly tarball no local data for @tinyhttp/content-type@https://registry.npmjs.org/@tinyhttp/content-type/-/content-type-0.1.4.tgz. Extracting by manifest.
252 silly tarball no local data for @tinyhttp/send@https://registry.npmjs.org/@tinyhttp/send/-/send-2.2.3.tgz. Extracting by manifest.
253 silly tarball no local data for es-escape-html@https://registry.npmjs.org/es-escape-html/-/es-escape-html-0.1.1.tgz. Extracting by manifest.
254 silly tarball no local data for @tinyhttp/encode-url@https://registry.npmjs.org/@tinyhttp/encode-url/-/encode-url-2.1.1.tgz. Extracting by manifest.
255 silly tarball no local data for @tinyhttp/cookie-signature@https://registry.npmjs.org/@tinyhttp/cookie-signature/-/cookie-signature-2.1.1.tgz. Extracting by manifest.
256 silly tarball no local data for @tinyhttp/content-disposition@https://registry.npmjs.org/@tinyhttp/content-disposition/-/content-disposition-2.2.2.tgz. Extracting by manifest.
257 silly tarball no local data for mime@https://registry.npmjs.org/mime/-/mime-4.0.4.tgz. Extracting by manifest.
258 silly tarball no local data for @tinyhttp/url@https://registry.npmjs.org/@tinyhttp/url/-/url-2.1.1.tgz. Extracting by manifest.
259 silly tarball no local data for @tinyhttp/type-is@https://registry.npmjs.org/@tinyhttp/type-is/-/type-is-2.2.4.tgz. Extracting by manifest.
260 silly tarball no local data for @tinyhttp/accepts@https://registry.npmjs.org/@tinyhttp/accepts/-/accepts-2.2.3.tgz. Extracting by manifest.
261 silly tarball no local data for negotiator@https://registry.npmjs.org/negotiator/-/negotiator-0.6.4.tgz. Extracting by manifest.
262 silly tarball no local data for @tinyhttp/forwarded@https://registry.npmjs.org/@tinyhttp/forwarded/-/forwarded-2.1.1.tgz. Extracting by manifest.
263 silly tarball no local data for dayjs@https://registry.npmjs.org/dayjs/-/dayjs-1.11.13.tgz. Extracting by manifest.
264 silly tarball no local data for @tinyhttp/vary@https://registry.npmjs.org/@tinyhttp/vary/-/vary-0.1.3.tgz. Extracting by manifest.
265 silly tarball no local data for regexparam@https://registry.npmjs.org/regexparam/-/regexparam-2.0.2.tgz. Extracting by manifest.
266 silly tarball no local data for header-range-parser@https://registry.npmjs.org/header-range-parser/-/header-range-parser-1.1.3.tgz. Extracting by manifest.
267 silly tarball no local data for http-status-emojis@https://registry.npmjs.org/http-status-emojis/-/http-status-emojis-2.2.0.tgz. Extracting by manifest.
268 silly tarball no local data for @tinyhttp/res@https://registry.npmjs.org/@tinyhttp/res/-/res-2.2.4.tgz. Extracting by manifest.
269 silly tarball no local data for @tinyhttp/proxy-addr@https://registry.npmjs.org/@tinyhttp/proxy-addr/-/proxy-addr-2.2.0.tgz. Extracting by manifest.
270 silly tarball no local data for @tinyhttp/cookie@https://registry.npmjs.org/@tinyhttp/cookie/-/cookie-2.1.1.tgz. Extracting by manifest.
271 silly tarball no local data for sort-on@https://registry.npmjs.org/sort-on/-/sort-on-6.1.0.tgz. Extracting by manifest.
272 silly tarball no local data for @tinyhttp/router@https://registry.npmjs.org/@tinyhttp/router/-/router-2.2.3.tgz. Extracting by manifest.
273 silly tarball no local data for @tinyhttp/req@https://registry.npmjs.org/@tinyhttp/req/-/req-2.2.4.tgz. Extracting by manifest.
274 silly tarball no local data for milliparsec@https://registry.npmjs.org/milliparsec/-/milliparsec-4.0.0.tgz. Extracting by manifest.
275 silly tarball no local data for sirv@https://registry.npmjs.org/sirv/-/sirv-2.0.4.tgz. Extracting by manifest.
276 silly tarball no local data for lowdb@https://registry.npmjs.org/lowdb/-/lowdb-7.0.1.tgz. Extracting by manifest.
277 silly tarball no local data for inflection@https://registry.npmjs.org/inflection/-/inflection-3.0.0.tgz. Extracting by manifest.
278 silly tarball no local data for eta@https://registry.npmjs.org/eta/-/eta-3.5.0.tgz. Extracting by manifest.
279 silly tarball no local data for dot-prop@https://registry.npmjs.org/dot-prop/-/dot-prop-9.0.0.tgz. Extracting by manifest.
280 silly tarball no local data for chalk@https://registry.npmjs.org/chalk/-/chalk-5.3.0.tgz. Extracting by manifest.
281 silly tarball no local data for @tinyhttp/logger@https://registry.npmjs.org/@tinyhttp/logger/-/logger-2.0.0.tgz. Extracting by manifest.
282 silly tarball no local data for chokidar@https://registry.npmjs.org/chokidar/-/chokidar-4.0.1.tgz. Extracting by manifest.
283 silly tarball no local data for @tinyhttp/cors@https://registry.npmjs.org/@tinyhttp/cors/-/cors-2.0.1.tgz. Extracting by manifest.
284 silly tarball no local data for @tinyhttp/app@https://registry.npmjs.org/@tinyhttp/app/-/app-2.4.0.tgz. Extracting by manifest.
285 http fetch GET 200 https://registry.npmjs.org/totalist/-/totalist-3.0.1.tgz 53ms (cache miss)
286 http fetch GET 200 https://registry.npmjs.org/readdirp/-/readdirp-4.0.2.tgz 52ms (cache miss)
287 http fetch GET 200 https://registry.npmjs.org/mrmime/-/mrmime-2.0.0.tgz 54ms (cache miss)
288 http fetch GET 200 https://registry.npmjs.org/json-server/-/json-server-1.0.0-beta.3.tgz 54ms (cache miss)
289 http fetch GET 200 https://registry.npmjs.org/type-fest/-/type-fest-4.26.1.tgz 61ms (cache miss)
290 http fetch GET 200 https://registry.npmjs.org/steno/-/steno-4.0.2.tgz 74ms (cache miss)
291 http fetch GET 200 https://registry.npmjs.org/@polka/url/-/url-1.0.0-next.28.tgz 84ms (cache miss)
292 http fetch GET 200 https://registry.npmjs.org/negotiator/-/negotiator-0.6.4.tgz 82ms (cache miss)
293 http fetch GET 200 https://registry.npmjs.org/es-escape-html/-/es-escape-html-0.1.1.tgz 84ms (cache miss)
294 http fetch GET 200 https://registry.npmjs.org/@tinyhttp/accepts/-/accepts-2.2.3.tgz 97ms (cache miss)
295 http fetch GET 200 https://registry.npmjs.org/@tinyhttp/type-is/-/type-is-2.2.4.tgz 105ms (cache miss)
296 http fetch GET 200 https://registry.npmjs.org/regexparam/-/regexparam-2.0.2.tgz 115ms (cache miss)
297 http fetch GET 200 https://registry.npmjs.org/@tinyhttp/encode-url/-/encode-url-2.1.1.tgz 116ms (cache miss)
298 http fetch GET 200 https://registry.npmjs.org/@tinyhttp/content-type/-/content-type-0.1.4.tgz 118ms (cache miss)
299 http fetch GET 200 https://registry.npmjs.org/@tinyhttp/content-disposition/-/content-disposition-2.2.2.tgz 117ms (cache miss)
300 http fetch GET 200 https://registry.npmjs.org/mime/-/mime-4.0.4.tgz 117ms (cache miss)
301 http fetch GET 200 https://registry.npmjs.org/@tinyhttp/send/-/send-2.2.3.tgz 120ms (cache miss)
302 http fetch GET 200 https://registry.npmjs.org/@tinyhttp/url/-/url-2.1.1.tgz 122ms (cache miss)
303 http fetch GET 200 https://registry.npmjs.org/http-status-emojis/-/http-status-emojis-2.2.0.tgz 125ms (cache miss)
304 http fetch GET 200 https://registry.npmjs.org/header-range-parser/-/header-range-parser-1.1.3.tgz 126ms (cache miss)
305 http fetch GET 200 https://registry.npmjs.org/sort-on/-/sort-on-6.1.0.tgz 136ms (cache miss)
306 http fetch GET 200 https://registry.npmjs.org/milliparsec/-/milliparsec-4.0.0.tgz 139ms (cache miss)
307 http fetch GET 200 https://registry.npmjs.org/dayjs/-/dayjs-1.11.13.tgz 148ms (cache miss)
308 http fetch GET 200 https://registry.npmjs.org/lowdb/-/lowdb-7.0.1.tgz 148ms (cache miss)
309 http fetch GET 200 https://registry.npmjs.org/sirv/-/sirv-2.0.4.tgz 148ms (cache miss)
310 http fetch GET 200 https://registry.npmjs.org/@tinyhttp/vary/-/vary-0.1.3.tgz 157ms (cache miss)
311 http fetch GET 200 https://registry.npmjs.org/inflection/-/inflection-3.0.0.tgz 156ms (cache miss)
312 http fetch GET 200 https://registry.npmjs.org/eta/-/eta-3.5.0.tgz 160ms (cache miss)
313 http fetch GET 200 https://registry.npmjs.org/@tinyhttp/res/-/res-2.2.4.tgz 164ms (cache miss)
314 http fetch GET 200 https://registry.npmjs.org/@tinyhttp/req/-/req-2.2.4.tgz 168ms (cache miss)
315 http fetch GET 200 https://registry.npmjs.org/chalk/-/chalk-5.3.0.tgz 170ms (cache miss)
316 http fetch GET 200 https://registry.npmjs.org/chokidar/-/chokidar-4.0.1.tgz 179ms (cache miss)
317 http fetch GET 200 https://registry.npmjs.org/dot-prop/-/dot-prop-9.0.0.tgz 194ms (cache miss)
318 http fetch GET 200 https://registry.npmjs.org/@tinyhttp/app/-/app-2.4.0.tgz 216ms (cache miss)
319 http fetch GET 200 https://registry.npmjs.org/@tinyhttp/etag/-/etag-2.1.2.tgz 323ms (cache miss)
320 http fetch GET 200 https://registry.npmjs.org/@tinyhttp/forwarded/-/forwarded-2.1.1.tgz 339ms (cache miss)
321 http fetch GET 200 https://registry.npmjs.org/@tinyhttp/cookie-signature/-/cookie-signature-2.1.1.tgz 376ms (cache miss)
322 http fetch GET 200 https://registry.npmjs.org/@tinyhttp/router/-/router-2.2.3.tgz 393ms (cache miss)
323 http fetch GET 200 https://registry.npmjs.org/@tinyhttp/proxy-addr/-/proxy-addr-2.2.0.tgz 430ms (cache miss)
324 http fetch GET 200 https://registry.npmjs.org/@tinyhttp/cookie/-/cookie-2.1.1.tgz 443ms (cache miss)
325 http fetch GET 200 https://registry.npmjs.org/@tinyhttp/cors/-/cors-2.0.1.tgz 506ms (cache miss)
326 http fetch GET 200 https://registry.npmjs.org/@tinyhttp/logger/-/logger-2.0.0.tgz 550ms (cache miss)
327 silly ADD node_modules/json-server
328 silly ADD node_modules/json-server/node_modules/totalist
329 silly ADD node_modules/json-server/node_modules/mrmime
330 silly ADD node_modules/json-server/node_modules/@polka/url
331 silly ADD node_modules/json-server/node_modules/steno
332 silly ADD node_modules/json-server/node_modules/type-fest
333 silly ADD node_modules/json-server/node_modules/readdirp
334 silly ADD node_modules/json-server/node_modules/@tinyhttp/etag
335 silly ADD node_modules/json-server/node_modules/@tinyhttp/content-type
336 silly ADD node_modules/json-server/node_modules/es-escape-html
337 silly ADD node_modules/json-server/node_modules/@tinyhttp/send
338 silly ADD node_modules/json-server/node_modules/@tinyhttp/encode-url
339 silly ADD node_modules/json-server/node_modules/@tinyhttp/cookie-signature
340 silly ADD node_modules/json-server/node_modules/@tinyhttp/content-disposition
341 silly ADD node_modules/json-server/node_modules/negotiator
342 silly ADD node_modules/json-server/node_modules/mime
343 silly ADD node_modules/json-server/node_modules/@tinyhttp/url
344 silly ADD node_modules/json-server/node_modules/@tinyhttp/type-is
345 silly ADD node_modules/json-server/node_modules/@tinyhttp/accepts
346 silly ADD node_modules/json-server/node_modules/ipaddr.js
347 silly ADD node_modules/json-server/node_modules/@tinyhttp/forwarded
348 silly ADD node_modules/json-server/node_modules/http-status-emojis
349 silly ADD node_modules/json-server/node_modules/dayjs
350 silly ADD node_modules/json-server/node_modules/colorette
351 silly ADD node_modules/json-server/node_modules/@tinyhttp/vary
352 silly ADD node_modules/json-server/node_modules/regexparam
353 silly ADD node_modules/json-server/node_modules/header-range-parser
354 silly ADD node_modules/json-server/node_modules/@tinyhttp/router
355 silly ADD node_modules/json-server/node_modules/@tinyhttp/res
356 silly ADD node_modules/json-server/node_modules/@tinyhttp/req
357 silly ADD node_modules/json-server/node_modules/@tinyhttp/proxy-addr
358 silly ADD node_modules/json-server/node_modules/@tinyhttp/cookie
359 silly ADD node_modules/json-server/node_modules/sort-on
360 silly ADD node_modules/json-server/node_modules/sirv
361 silly ADD node_modules/json-server/node_modules/milliparsec
362 silly ADD node_modules/json-server/node_modules/lowdb
363 silly ADD node_modules/json-server/node_modules/json5
364 silly ADD node_modules/json-server/node_modules/inflection
365 silly ADD node_modules/json-server/node_modules/eta
366 silly ADD node_modules/json-server/node_modules/dot-prop
367 silly ADD node_modules/json-server/node_modules/chokidar
368 silly ADD node_modules/json-server/node_modules/chalk
369 silly ADD node_modules/json-server/node_modules/@tinyhttp/logger
370 silly ADD node_modules/json-server/node_modules/@tinyhttp/cors
371 silly ADD node_modules/json-server/node_modules/@tinyhttp/app
372 verbose cwd /Users/lixiachen/MakeItEasy-UI
373 verbose os Darwin 23.6.0
374 verbose node v22.8.0
375 verbose npm  v10.8.3
376 verbose exit 0
377 info ok
