0 verbose cli /usr/local/bin/node /usr/local/bin/npm
1 info using npm@10.8.3
2 info using node@v22.8.0
3 silly config load:file:/usr/local/lib/node_modules/npm/npmrc
4 silly config load:file:/Users/lixiachen/Desktop/MakeItEasy-UI/.npmrc
5 silly config load:file:/Users/lixiachen/.npmrc
6 silly config load:file:/usr/local/etc/npmrc
7 verbose title npm run build
8 verbose argv "run" "build"
9 verbose logfile logs-max:10 dir:/Users/lixiachen/Desktop/MakeItEasy-UI/C:Develnodejsnpm-cache/_logs/2024-12-16T01_37_17_238Z-
10 verbose logfile /Users/lixiachen/Desktop/MakeItEasy-UI/C:Develnodejsnpm-cache/_logs/2024-12-16T01_37_17_238Z-debug-0.log
11 silly logfile done cleaning log files
12 http fetch GET 200 https://registry.npmjs.org/npm 1019ms
13 verbose cwd /Users/lixiachen/Desktop/MakeItEasy-UI
14 verbose os Darwin 23.6.0
15 verbose node v22.8.0
16 verbose npm  v10.8.3
17 notice
17 notice New [33mminor[39m version of npm available! [33m10.8.3[39m -> [34m10.9.2[39m
17 notice Changelog: [34mhttps://github.com/npm/cli/releases/tag/v10.9.2[39m
17 notice To update run: [4mnpm install -g npm@10.9.2[24m
17 notice  { force: true, [Symbol(proc-log.meta)]: true }
18 verbose exit 0
19 info ok
