0 verbose cli /usr/local/bin/node /usr/local/bin/npm
1 info using npm@10.8.3
2 info using node@v22.8.0
3 silly config load:file:/usr/local/lib/node_modules/npm/npmrc
4 silly config load:file:/Users/lixiachen/Desktop/MakeItEasy-UI/.npmrc
5 silly config load:file:/Users/lixiachen/.npmrc
6 silly config load:file:/usr/local/etc/npmrc
7 verbose title npm view @testing-library/user-event description dist-tags.latest homepage version time
8 verbose argv "view" "--json" "--" "@testing-library/user-event" "description" "dist-tags.latest" "homepage" "version" "time"
9 verbose logfile logs-max:10 dir:/Users/lixiachen/Desktop/MakeItEasy-UI/C:Develnodejsnpm-cache/_logs/2024-12-14T23_35_33_197Z-
10 verbose logfile /Users/lixiachen/Desktop/MakeItEasy-UI/C:Develnodejsnpm-cache/_logs/2024-12-14T23_35_33_197Z-debug-0.log
11 silly logfile start cleaning logs, removing 1 files
12 silly logfile done cleaning log files
13 http fetch GET https://registry.npmjs.org/@testing-library%2fuser-event attempt 1 failed with ETIMEDOUT
14 http fetch GET https://registry.npmjs.org/@testing-library%2fuser-event attempt 2 failed with ETIMEDOUT
15 http fetch GET 200 https://registry.npmjs.org/@testing-library%2fuser-event 94444ms (cache revalidated)
16 verbose cwd /Users/lixiachen/Desktop/MakeItEasy-UI
17 verbose os Darwin 23.6.0
18 verbose node v22.8.0
19 verbose npm  v10.8.3
20 verbose exit 0
21 info ok
