0 verbose cli /usr/local/bin/node /usr/local/bin/npm
1 info using npm@10.8.3
2 info using node@v22.8.0
3 silly config load:file:/usr/local/lib/node_modules/npm/npmrc
4 silly config load:file:/Users/lixiachen/Desktop/MakeItEasy-UI/.npmrc
5 silly config load:file:/Users/lixiachen/.npmrc
6 silly config load:file:/usr/local/etc/npmrc
7 verbose title npm outdated
8 verbose argv "outdated"
9 verbose logfile logs-max:10 dir:/Users/lixiachen/Desktop/MakeItEasy-UI/C:Develnodejsnpm-cache/_logs/2024-12-10T02_57_13_236Z-
10 verbose logfile /Users/lixiachen/Desktop/MakeItEasy-UI/C:Develnodejsnpm-cache/_logs/2024-12-10T02_57_13_236Z-debug-0.log
11 silly packumentCache heap:4345298944 maxSize:1086324736 maxEntrySize:543162368
12 silly logfile start cleaning logs, removing 1 files
13 silly logfile done cleaning log files
14 http fetch GET 200 https://registry.npmjs.org/react-scripts 217ms (cache miss)
15 http fetch GET 200 https://registry.npmjs.org/axios 222ms (cache miss)
16 http fetch GET 200 https://registry.npmjs.org/http-proxy-middleware 225ms (cache miss)
17 http fetch GET 200 https://registry.npmjs.org/react-router-dom 229ms (cache miss)
18 http fetch GET 200 https://registry.npmjs.org/@testing-library%2fjest-dom 238ms (cache miss)
19 http fetch GET 200 https://registry.npmjs.org/web-vitals 242ms (cache miss)
20 http fetch GET 200 https://registry.npmjs.org/@testing-library%2freact 250ms (cache miss)
21 http fetch GET 200 https://registry.npmjs.org/@testing-library%2fuser-event 257ms (cache miss)
22 http fetch GET 200 https://registry.npmjs.org/react-dom 265ms (cache miss)
23 http fetch GET 200 https://registry.npmjs.org/react 276ms (cache miss)
24 verbose cwd /Users/lixiachen/Desktop/MakeItEasy-UI
25 verbose os Darwin 23.6.0
26 verbose node v22.8.0
27 verbose npm  v10.8.3
28 verbose exit 1
29 verbose code 1
