0 verbose cli /usr/local/bin/node /usr/local/bin/npm
1 info using npm@10.8.3
2 info using node@v22.8.0
3 silly config load:file:/usr/local/lib/node_modules/npm/npmrc
4 silly config load:file:/Users/lixiachen/Desktop/MakeItEasy-UI/.npmrc
5 silly config load:file:/Users/lixiachen/.npmrc
6 silly config load:file:/usr/local/etc/npmrc
7 verbose title npm install react-scripts
8 verbose argv "install" "react-scripts" "--save"
9 verbose logfile logs-max:10 dir:/Users/lixiachen/Desktop/MakeItEasy-UI/C:Develnodejsnpm-cache/_logs/2024-12-09T16_14_43_889Z-
10 verbose logfile /Users/lixiachen/Desktop/MakeItEasy-UI/C:Develnodejsnpm-cache/_logs/2024-12-09T16_14_43_889Z-debug-0.log
11 silly packumentCache heap:4345298944 maxSize:1086324736 maxEntrySize:543162368
12 silly logfile start cleaning logs, removing 1 files
13 silly logfile done cleaning log files
14 silly idealTree buildDeps
15 silly fetch manifest react-scripts@^5.0.1
16 silly packumentCache full:https://registry.npmjs.org/react-scripts cache-miss
17 http fetch GET 200 https://registry.npmjs.org/react-scripts 121ms (cache revalidated)
18 silly packumentCache full:https://registry.npmjs.org/react-scripts set size:497227 disposed:false
19 silly fetch manifest react@^18.3.1
20 silly packumentCache full:https://registry.npmjs.org/react cache-miss
21 http fetch GET 200 https://registry.npmjs.org/react 158ms (cache updated)
22 silly packumentCache full:https://registry.npmjs.org/react set size:undefined disposed:false
23 silly fetch manifest typescript@^3.2.1 || ^4
24 silly packumentCache full:https://registry.npmjs.org/typescript cache-miss
25 http fetch GET 200 https://registry.npmjs.org/typescript 500ms (cache updated)
26 silly packumentCache full:https://registry.npmjs.org/typescript set size:undefined disposed:false
27 silly placeDep ROOT react-scripts@5.0.1 REPLACE for: makeiteasy@0.1.0 want: ^5.0.1
28 silly reify moves {}
29 silly tarball no local data for proxy-from-env@https://registry.npmjs.org/proxy-from-env/-/proxy-from-env-1.1.0.tgz. Extracting by manifest.
30 silly tarball no local data for axios@https://registry.npmjs.org/axios/-/axios-1.7.7.tgz. Extracting by manifest.
31 silly tarball no local data for form-data@https://registry.npmjs.org/form-data/-/form-data-4.0.1.tgz. Extracting by manifest.
32 warn deprecated inflight@1.0.6: This module is not supported, and leaks memory. Do not use it. Check out lru-cache if you want a good and tested way to coalesce async requests by a key value, which is much more comprehensive and powerful.
33 warn deprecated stable@0.1.8: Modern JS already guarantees Array#sort() is a stable sort, so this library is deprecated. See the compatibility table on MDN: https://developer.mozilla.org/en-US/docs/Web/JavaScript/Reference/Global_Objects/Array/sort#browser_compatibility
34 warn deprecated @babel/plugin-proposal-numeric-separator@7.18.6: This proposal has been merged to the ECMAScript standard and thus this plugin is no longer maintained. Please use @babel/plugin-transform-numeric-separator instead.
35 warn deprecated @babel/plugin-proposal-nullish-coalescing-operator@7.18.6: This proposal has been merged to the ECMAScript standard and thus this plugin is no longer maintained. Please use @babel/plugin-transform-nullish-coalescing-operator instead.
36 warn deprecated @babel/plugin-proposal-class-properties@7.18.6: This proposal has been merged to the ECMAScript standard and thus this plugin is no longer maintained. Please use @babel/plugin-transform-class-properties instead.
37 warn deprecated @babel/plugin-proposal-private-methods@7.18.6: This proposal has been merged to the ECMAScript standard and thus this plugin is no longer maintained. Please use @babel/plugin-transform-private-methods instead.
38 warn deprecated rollup-plugin-terser@7.0.2: This package has been deprecated and is no longer maintained. Please use @rollup/plugin-terser
39 warn deprecated @humanwhocodes/config-array@0.13.0: Use @eslint/config-array instead
40 warn deprecated rimraf@3.0.2: Rimraf versions prior to v4 are no longer supported
41 warn deprecated abab@2.0.6: Use your platform's native atob() and btoa() methods instead
42 warn deprecated @babel/plugin-proposal-optional-chaining@7.21.0: This proposal has been merged to the ECMAScript standard and thus this plugin is no longer maintained. Please use @babel/plugin-transform-optional-chaining instead.
43 warn deprecated glob@7.2.3: Glob versions prior to v9 are no longer supported
44 warn deprecated @humanwhocodes/object-schema@2.0.3: Use @eslint/object-schema instead
45 http fetch GET 200 https://registry.npmjs.org/proxy-from-env/-/proxy-from-env-1.1.0.tgz 1265ms (cache miss)
46 warn deprecated domexception@2.0.1: Use your platform's native DOMException instead
47 warn deprecated w3c-hr-time@1.0.2: Use your platform's native performance.now() and performance.timeOrigin.
48 warn deprecated q@1.5.1: You or someone you depend on is using Q, the JavaScript Promise library that gave JavaScript developers strong feelings about promises. They can almost certainly migrate to the native JavaScript promise now. Thank you literally everyone for joining me in this bet against the odds. Be excellent to each other.
48 warn deprecated
48 warn deprecated (For a CapTP with native promises, see @endo/eventual-send and @endo/captp)
49 warn deprecated sourcemap-codec@1.4.8: Please use @jridgewell/sourcemap-codec instead
50 http fetch GET 200 https://registry.npmjs.org/form-data/-/form-data-4.0.1.tgz 1505ms (cache miss)
51 warn deprecated workbox-cacheable-response@6.6.0: workbox-background-sync@6.6.0
52 warn deprecated workbox-google-analytics@6.6.0: It is not compatible with newer versions of GA starting with v4, as long as you are using GAv3 it should be ok, but the package is not longer being maintained
53 warn deprecated svgo@1.3.2: This SVGO version is no longer supported. Upgrade to v2.x.x.
54 http fetch GET 200 https://registry.npmjs.org/axios/-/axios-1.7.7.tgz 2269ms (cache miss)
55 warn deprecated eslint@8.57.1: This version is no longer supported. Please see https://eslint.org/version-support for other options.
56 info run core-js@3.38.1 postinstall node_modules/core-js node -e "try{require('./postinstall')}catch(e){}"
57 info run core-js-pure@3.38.1 postinstall node_modules/core-js-pure node -e "try{require('./postinstall')}catch(e){}"
58 info run core-js@3.38.1 postinstall { code: 0, signal: null }
59 info run core-js-pure@3.38.1 postinstall { code: 0, signal: null }
60 silly ADD node_modules/react-scripts
61 silly ADD node_modules/yocto-queue
62 silly ADD node_modules/yargs-parser
63 silly ADD node_modules/yargs
64 silly ADD node_modules/yaml
65 silly ADD node_modules/yallist
66 silly ADD node_modules/y18n
67 silly ADD node_modules/xmlchars
68 silly ADD node_modules/xml-name-validator
69 silly ADD node_modules/ws
70 silly ADD node_modules/write-file-atomic
71 silly ADD node_modules/wrappy
72 silly ADD node_modules/wrap-ansi-cjs
73 silly ADD node_modules/wrap-ansi
74 silly ADD node_modules/workbox-window
75 silly ADD node_modules/workbox-webpack-plugin
76 silly ADD node_modules/workbox-webpack-plugin/node_modules/webpack-sources
77 silly ADD node_modules/workbox-webpack-plugin/node_modules/source-map
78 silly ADD node_modules/workbox-sw
79 silly ADD node_modules/workbox-streams
80 silly ADD node_modules/workbox-strategies
81 silly ADD node_modules/workbox-routing
82 silly ADD node_modules/workbox-recipes
83 silly ADD node_modules/workbox-range-requests
84 silly ADD node_modules/workbox-precaching
85 silly ADD node_modules/workbox-navigation-preload
86 silly ADD node_modules/workbox-google-analytics
87 silly ADD node_modules/workbox-expiration
88 silly ADD node_modules/workbox-core
89 silly ADD node_modules/workbox-cacheable-response
90 silly ADD node_modules/workbox-build
91 silly ADD node_modules/workbox-build/node_modules/whatwg-url
92 silly ADD node_modules/workbox-build/node_modules/webidl-conversions
93 silly ADD node_modules/workbox-build/node_modules/tr46
94 silly ADD node_modules/workbox-build/node_modules/source-map
95 silly ADD node_modules/workbox-build/node_modules/json-schema-traverse
96 silly ADD node_modules/workbox-build/node_modules/fs-extra
97 silly ADD node_modules/workbox-build/node_modules/ajv
98 silly ADD node_modules/workbox-build/node_modules/@apideck/better-ajv-errors
99 silly ADD node_modules/workbox-broadcast-update
100 silly ADD node_modules/workbox-background-sync
101 silly ADD node_modules/word-wrap
102 silly ADD node_modules/which-typed-array
103 silly ADD node_modules/which-collection
104 silly ADD node_modules/which-builtin-type
105 silly ADD node_modules/which-boxed-primitive
106 silly ADD node_modules/which
107 silly ADD node_modules/whatwg-url
108 silly ADD node_modules/whatwg-mimetype
109 silly ADD node_modules/whatwg-fetch
110 silly ADD node_modules/whatwg-encoding
111 silly ADD node_modules/whatwg-encoding/node_modules/iconv-lite
112 silly ADD node_modules/websocket-extensions
113 silly ADD node_modules/websocket-driver
114 silly ADD node_modules/webpack-sources
115 silly ADD node_modules/webpack-manifest-plugin
116 silly ADD node_modules/webpack-manifest-plugin/node_modules/webpack-sources
117 silly ADD node_modules/webpack-manifest-plugin/node_modules/source-map
118 silly ADD node_modules/webpack-dev-server
119 silly ADD node_modules/webpack-dev-server/node_modules/ws
120 silly ADD node_modules/webpack-dev-middleware
121 silly ADD node_modules/webpack
122 silly ADD node_modules/webpack/node_modules/schema-utils
123 silly ADD node_modules/webpack/node_modules/estraverse
124 silly ADD node_modules/webpack/node_modules/eslint-scope
125 silly ADD node_modules/webidl-conversions
126 silly ADD node_modules/web-vitals
127 silly ADD node_modules/wbuf
128 silly ADD node_modules/watchpack
129 silly ADD node_modules/walker
130 silly ADD node_modules/w3c-xmlserializer
131 silly ADD node_modules/w3c-hr-time
132 silly ADD node_modules/vary
133 silly ADD node_modules/v8-to-istanbul
134 silly ADD node_modules/v8-to-istanbul/node_modules/convert-source-map
135 silly ADD node_modules/uuid
136 silly ADD node_modules/utils-merge
137 silly ADD node_modules/utila
138 silly ADD node_modules/util.promisify
139 silly ADD node_modules/util-deprecate
140 silly ADD node_modules/url-parse
141 silly ADD node_modules/uri-js
142 silly ADD node_modules/update-browserslist-db
143 silly ADD node_modules/upath
144 silly ADD node_modules/unquote
145 silly ADD node_modules/unpipe
146 silly ADD node_modules/universalify
147 silly ADD node_modules/unique-string
148 silly ADD node_modules/unicode-property-aliases-ecmascript
149 silly ADD node_modules/unicode-match-property-value-ecmascript
150 silly ADD node_modules/unicode-match-property-ecmascript
151 silly ADD node_modules/unicode-canonical-property-names-ecmascript
152 silly ADD node_modules/undici-types
153 silly ADD node_modules/underscore
154 silly ADD node_modules/unbox-primitive
155 silly ADD node_modules/typescript
156 silly ADD node_modules/typedarray-to-buffer
157 silly ADD node_modules/typed-array-length
158 silly ADD node_modules/typed-array-byte-offset
159 silly ADD node_modules/typed-array-byte-length
160 silly ADD node_modules/typed-array-buffer
161 silly ADD node_modules/type-is
162 silly ADD node_modules/type-fest
163 silly ADD node_modules/type-detect
164 silly ADD node_modules/type-check
165 silly ADD node_modules/tsutils
166 silly ADD node_modules/tsutils/node_modules/tslib
167 silly ADD node_modules/tslib
168 silly ADD node_modules/tsconfig-paths
169 silly ADD node_modules/tsconfig-paths/node_modules/strip-bom
170 silly ADD node_modules/tsconfig-paths/node_modules/json5
171 silly ADD node_modules/ts-interface-checker
172 silly ADD node_modules/tryer
173 silly ADD node_modules/tr46
174 silly ADD node_modules/tough-cookie
175 silly ADD node_modules/tough-cookie/node_modules/universalify
176 silly ADD node_modules/toidentifier
177 silly ADD node_modules/to-regex-range
178 silly ADD node_modules/tmpl
179 silly ADD node_modules/thunky
180 silly ADD node_modules/throat
181 silly ADD node_modules/thenify-all
182 silly ADD node_modules/thenify
183 silly ADD node_modules/text-table
184 silly ADD node_modules/test-exclude
185 silly ADD node_modules/terser-webpack-plugin
186 silly ADD node_modules/terser-webpack-plugin/node_modules/schema-utils
187 silly ADD node_modules/terser
188 silly ADD node_modules/terser/node_modules/commander
189 silly ADD node_modules/terminal-link
190 silly ADD node_modules/tempy
191 silly ADD node_modules/tempy/node_modules/type-fest
192 silly ADD node_modules/temp-dir
193 silly ADD node_modules/tapable
194 silly ADD node_modules/tailwindcss
195 silly ADD node_modules/symbol-tree
196 silly ADD node_modules/svgo
197 silly ADD node_modules/svgo/node_modules/supports-color
198 silly ADD node_modules/svgo/node_modules/nth-check
199 silly ADD node_modules/svgo/node_modules/has-flag
200 silly ADD node_modules/svgo/node_modules/escape-string-regexp
201 silly ADD node_modules/svgo/node_modules/domutils
202 silly ADD node_modules/svgo/node_modules/domutils/node_modules/domelementtype
203 silly ADD node_modules/svgo/node_modules/dom-serializer
204 silly ADD node_modules/svgo/node_modules/css-what
205 silly ADD node_modules/svgo/node_modules/css-select
206 silly ADD node_modules/svgo/node_modules/color-name
207 silly ADD node_modules/svgo/node_modules/color-convert
208 silly ADD node_modules/svgo/node_modules/chalk
209 silly ADD node_modules/svgo/node_modules/ansi-styles
210 silly ADD node_modules/svg-parser
211 silly ADD node_modules/supports-preserve-symlinks-flag
212 silly ADD node_modules/supports-hyperlinks
213 silly ADD node_modules/supports-color
214 silly ADD node_modules/sucrase
215 silly ADD node_modules/sucrase/node_modules/minimatch
216 silly ADD node_modules/sucrase/node_modules/glob
217 silly ADD node_modules/sucrase/node_modules/commander
218 silly ADD node_modules/sucrase/node_modules/brace-expansion
219 silly ADD node_modules/stylehacks
220 silly ADD node_modules/style-loader
221 silly ADD node_modules/strip-json-comments
222 silly ADD node_modules/strip-indent
223 silly ADD node_modules/strip-final-newline
224 silly ADD node_modules/strip-comments
225 silly ADD node_modules/strip-bom
226 silly ADD node_modules/strip-ansi-cjs
227 silly ADD node_modules/strip-ansi
228 silly ADD node_modules/stringify-object
229 silly ADD node_modules/string.prototype.trimstart
230 silly ADD node_modules/string.prototype.trimend
231 silly ADD node_modules/string.prototype.trim
232 silly ADD node_modules/string.prototype.repeat
233 silly ADD node_modules/string.prototype.matchall
234 silly ADD node_modules/string.prototype.includes
235 silly ADD node_modules/string-width-cjs
236 silly ADD node_modules/string-width-cjs/node_modules/emoji-regex
237 silly ADD node_modules/string-width
238 silly ADD node_modules/string-width/node_modules/emoji-regex
239 silly ADD node_modules/string-natural-compare
240 silly ADD node_modules/string-length
241 silly ADD node_modules/string_decoder
242 silly ADD node_modules/stop-iteration-iterator
243 silly ADD node_modules/statuses
244 silly ADD node_modules/static-eval
245 silly ADD node_modules/static-eval/node_modules/type-check
246 silly ADD node_modules/static-eval/node_modules/source-map
247 silly ADD node_modules/static-eval/node_modules/prelude-ls
248 silly ADD node_modules/static-eval/node_modules/optionator
249 silly ADD node_modules/static-eval/node_modules/levn
250 silly ADD node_modules/static-eval/node_modules/estraverse
251 silly ADD node_modules/static-eval/node_modules/escodegen
252 silly ADD node_modules/stackframe
253 silly ADD node_modules/stack-utils
254 silly ADD node_modules/stack-utils/node_modules/escape-string-regexp
255 silly ADD node_modules/stable
256 silly ADD node_modules/sprintf-js
257 silly ADD node_modules/spdy-transport
258 silly ADD node_modules/spdy
259 silly ADD node_modules/sourcemap-codec
260 silly ADD node_modules/source-map-support
261 silly ADD node_modules/source-map-support/node_modules/source-map
262 silly ADD node_modules/source-map-loader
263 silly ADD node_modules/source-map-js
264 silly ADD node_modules/source-map
265 silly ADD node_modules/source-list-map
266 silly ADD node_modules/sockjs
267 silly ADD node_modules/slash
268 silly ADD node_modules/sisteransi
269 silly ADD node_modules/signal-exit
270 silly ADD node_modules/side-channel
271 silly ADD node_modules/shell-quote
272 silly ADD node_modules/shebang-regex
273 silly ADD node_modules/shebang-command
274 silly ADD node_modules/setprototypeof
275 silly ADD node_modules/set-function-name
276 silly ADD node_modules/set-function-length
277 silly ADD node_modules/serve-static
278 silly ADD node_modules/serve-index
279 silly ADD node_modules/serve-index/node_modules/statuses
280 silly ADD node_modules/serve-index/node_modules/setprototypeof
281 silly ADD node_modules/serve-index/node_modules/ms
282 silly ADD node_modules/serve-index/node_modules/inherits
283 silly ADD node_modules/serve-index/node_modules/http-errors
284 silly ADD node_modules/serve-index/node_modules/depd
285 silly ADD node_modules/serve-index/node_modules/debug
286 silly ADD node_modules/serialize-javascript
287 silly ADD node_modules/send
288 silly ADD node_modules/send/node_modules/encodeurl
289 silly ADD node_modules/send/node_modules/debug
290 silly ADD node_modules/send/node_modules/debug/node_modules/ms
291 silly ADD node_modules/semver
292 silly ADD node_modules/selfsigned
293 silly ADD node_modules/select-hose
294 silly ADD node_modules/schema-utils
295 silly ADD node_modules/schema-utils/node_modules/json-schema-traverse
296 silly ADD node_modules/schema-utils/node_modules/ajv-keywords
297 silly ADD node_modules/schema-utils/node_modules/ajv
298 silly ADD node_modules/scheduler
299 silly ADD node_modules/saxes
300 silly ADD node_modules/sax
301 silly ADD node_modules/sass-loader
302 silly ADD node_modules/sanitize.css
303 silly ADD node_modules/safer-buffer
304 silly ADD node_modules/safe-regex-test
305 silly ADD node_modules/safe-buffer
306 silly ADD node_modules/safe-array-concat
307 silly ADD node_modules/run-parallel
308 silly ADD node_modules/rollup-plugin-terser
309 silly ADD node_modules/rollup-plugin-terser/node_modules/serialize-javascript
310 silly ADD node_modules/rollup-plugin-terser/node_modules/jest-worker
311 silly ADD node_modules/rollup
312 silly ADD node_modules/rimraf
313 silly ADD node_modules/reusify
314 silly ADD node_modules/retry
315 silly ADD node_modules/resolve.exports
316 silly ADD node_modules/resolve-url-loader
317 silly ADD node_modules/resolve-url-loader/node_modules/source-map
318 silly ADD node_modules/resolve-url-loader/node_modules/postcss
319 silly ADD node_modules/resolve-url-loader/node_modules/picocolors
320 silly ADD node_modules/resolve-url-loader/node_modules/convert-source-map
321 silly ADD node_modules/resolve-from
322 silly ADD node_modules/resolve-cwd
323 silly ADD node_modules/resolve
324 silly ADD node_modules/requires-port
325 silly ADD node_modules/require-from-string
326 silly ADD node_modules/require-directory
327 silly ADD node_modules/renderkid
328 silly ADD node_modules/relateurl
329 silly ADD node_modules/regjsparser
330 silly ADD node_modules/regjsgen
331 silly ADD node_modules/regexpu-core
332 silly ADD node_modules/regexp.prototype.flags
333 silly ADD node_modules/regex-parser
334 silly ADD node_modules/regenerator-transform
335 silly ADD node_modules/regenerator-runtime
336 silly ADD node_modules/regenerate-unicode-properties
337 silly ADD node_modules/regenerate
338 silly ADD node_modules/reflect.getprototypeof
339 silly ADD node_modules/redent
340 silly ADD node_modules/recursive-readdir
341 silly ADD node_modules/readdirp
342 silly ADD node_modules/readable-stream
343 silly ADD node_modules/read-cache
344 silly ADD node_modules/react-router-dom
345 silly ADD node_modules/react-router
346 silly ADD node_modules/react-refresh
347 silly ADD node_modules/react-is
348 silly ADD node_modules/react-error-overlay
349 silly ADD node_modules/react-dom
350 silly ADD node_modules/react-dev-utils
351 silly ADD node_modules/react-dev-utils/node_modules/p-locate
352 silly ADD node_modules/react-dev-utils/node_modules/p-limit
353 silly ADD node_modules/react-dev-utils/node_modules/locate-path
354 silly ADD node_modules/react-dev-utils/node_modules/loader-utils
355 silly ADD node_modules/react-dev-utils/node_modules/find-up
356 silly ADD node_modules/react-app-polyfill
357 silly ADD node_modules/react-app-polyfill/node_modules/regenerator-runtime
358 silly ADD node_modules/react
359 silly ADD node_modules/raw-body
360 silly ADD node_modules/raw-body/node_modules/iconv-lite
361 silly ADD node_modules/raw-body/node_modules/bytes
362 silly ADD node_modules/range-parser
363 silly ADD node_modules/randombytes
364 silly ADD node_modules/raf
365 silly ADD node_modules/queue-microtask
366 silly ADD node_modules/querystringify
367 silly ADD node_modules/qs
368 silly ADD node_modules/q
369 silly ADD node_modules/punycode
370 silly ADD node_modules/psl
371 silly ADD node_modules/proxy-from-env
372 silly ADD node_modules/proxy-addr
373 silly ADD node_modules/proxy-addr/node_modules/ipaddr.js
374 silly ADD node_modules/prop-types
375 silly ADD node_modules/prop-types/node_modules/react-is
376 silly ADD node_modules/prompts
377 silly ADD node_modules/promise
378 silly ADD node_modules/process-nextick-args
379 silly ADD node_modules/pretty-format
380 silly ADD node_modules/pretty-format/node_modules/ansi-styles
381 silly ADD node_modules/pretty-error
382 silly ADD node_modules/pretty-bytes
383 silly ADD node_modules/prelude-ls
384 silly ADD node_modules/postcss-value-parser
385 silly ADD node_modules/postcss-unique-selectors
386 silly ADD node_modules/postcss-svgo
387 silly ADD node_modules/postcss-svgo/node_modules/svgo
388 silly ADD node_modules/postcss-svgo/node_modules/source-map
389 silly ADD node_modules/postcss-svgo/node_modules/mdn-data
390 silly ADD node_modules/postcss-svgo/node_modules/css-tree
391 silly ADD node_modules/postcss-svgo/node_modules/commander
392 silly ADD node_modules/postcss-selector-parser
393 silly ADD node_modules/postcss-selector-not
394 silly ADD node_modules/postcss-replace-overflow-wrap
395 silly ADD node_modules/postcss-reduce-transforms
396 silly ADD node_modules/postcss-reduce-initial
397 silly ADD node_modules/postcss-pseudo-class-any-link
398 silly ADD node_modules/postcss-preset-env
399 silly ADD node_modules/postcss-place
400 silly ADD node_modules/postcss-page-break
401 silly ADD node_modules/postcss-overflow-shorthand
402 silly ADD node_modules/postcss-ordered-values
403 silly ADD node_modules/postcss-opacity-percentage
404 silly ADD node_modules/postcss-normalize-whitespace
405 silly ADD node_modules/postcss-normalize-url
406 silly ADD node_modules/postcss-normalize-unicode
407 silly ADD node_modules/postcss-normalize-timing-functions
408 silly ADD node_modules/postcss-normalize-string
409 silly ADD node_modules/postcss-normalize-repeat-style
410 silly ADD node_modules/postcss-normalize-positions
411 silly ADD node_modules/postcss-normalize-display-values
412 silly ADD node_modules/postcss-normalize-charset
413 silly ADD node_modules/postcss-normalize
414 silly ADD node_modules/postcss-nesting
415 silly ADD node_modules/postcss-nested
416 silly ADD node_modules/postcss-modules-values
417 silly ADD node_modules/postcss-modules-scope
418 silly ADD node_modules/postcss-modules-local-by-default
419 silly ADD node_modules/postcss-modules-extract-imports
420 silly ADD node_modules/postcss-minify-selectors
421 silly ADD node_modules/postcss-minify-params
422 silly ADD node_modules/postcss-minify-gradients
423 silly ADD node_modules/postcss-minify-font-values
424 silly ADD node_modules/postcss-merge-rules
425 silly ADD node_modules/postcss-merge-longhand
426 silly ADD node_modules/postcss-media-minmax
427 silly ADD node_modules/postcss-logical
428 silly ADD node_modules/postcss-loader
429 silly ADD node_modules/postcss-load-config
430 silly ADD node_modules/postcss-load-config/node_modules/yaml
431 silly ADD node_modules/postcss-load-config/node_modules/lilconfig
432 silly ADD node_modules/postcss-lab-function
433 silly ADD node_modules/postcss-js
434 silly ADD node_modules/postcss-initial
435 silly ADD node_modules/postcss-import
436 silly ADD node_modules/postcss-image-set-function
437 silly ADD node_modules/postcss-gap-properties
438 silly ADD node_modules/postcss-font-variant
439 silly ADD node_modules/postcss-focus-within
440 silly ADD node_modules/postcss-focus-visible
441 silly ADD node_modules/postcss-flexbugs-fixes
442 silly ADD node_modules/postcss-env-function
443 silly ADD node_modules/postcss-double-position-gradients
444 silly ADD node_modules/postcss-discard-overridden
445 silly ADD node_modules/postcss-discard-empty
446 silly ADD node_modules/postcss-discard-duplicates
447 silly ADD node_modules/postcss-discard-comments
448 silly ADD node_modules/postcss-dir-pseudo-class
449 silly ADD node_modules/postcss-custom-selectors
450 silly ADD node_modules/postcss-custom-properties
451 silly ADD node_modules/postcss-custom-media
452 silly ADD node_modules/postcss-convert-values
453 silly ADD node_modules/postcss-colormin
454 silly ADD node_modules/postcss-color-rebeccapurple
455 silly ADD node_modules/postcss-color-hex-alpha
456 silly ADD node_modules/postcss-color-functional-notation
457 silly ADD node_modules/postcss-clamp
458 silly ADD node_modules/postcss-calc
459 silly ADD node_modules/postcss-browser-comments
460 silly ADD node_modules/postcss-attribute-case-insensitive
461 silly ADD node_modules/postcss
462 silly ADD node_modules/possible-typed-array-names
463 silly ADD node_modules/pkg-up
464 silly ADD node_modules/pkg-up/node_modules/path-exists
465 silly ADD node_modules/pkg-up/node_modules/p-locate
466 silly ADD node_modules/pkg-up/node_modules/locate-path
467 silly ADD node_modules/pkg-up/node_modules/find-up
468 silly ADD node_modules/pkg-dir
469 silly ADD node_modules/pirates
470 silly ADD node_modules/pify
471 silly ADD node_modules/picomatch
472 silly ADD node_modules/picocolors
473 silly ADD node_modules/performance-now
474 silly ADD node_modules/path-type
475 silly ADD node_modules/path-to-regexp
476 silly ADD node_modules/path-scurry
477 silly ADD node_modules/path-scurry/node_modules/lru-cache
478 silly ADD node_modules/path-parse
479 silly ADD node_modules/path-key
480 silly ADD node_modules/path-is-absolute
481 silly ADD node_modules/path-exists
482 silly ADD node_modules/pascal-case
483 silly ADD node_modules/parseurl
484 silly ADD node_modules/parse5
485 silly ADD node_modules/parse-json
486 silly ADD node_modules/parent-module
487 silly ADD node_modules/param-case
488 silly ADD node_modules/package-json-from-dist
489 silly ADD node_modules/p-try
490 silly ADD node_modules/p-retry
491 silly ADD node_modules/p-locate
492 silly ADD node_modules/p-limit
493 silly ADD node_modules/optionator
494 silly ADD node_modules/open
495 silly ADD node_modules/onetime
496 silly ADD node_modules/once
497 silly ADD node_modules/on-headers
498 silly ADD node_modules/on-finished
499 silly ADD node_modules/obuf
500 silly ADD node_modules/object.values
501 silly ADD node_modules/object.groupby
502 silly ADD node_modules/object.getownpropertydescriptors
503 silly ADD node_modules/object.fromentries
504 silly ADD node_modules/object.entries
505 silly ADD node_modules/object.assign
506 silly ADD node_modules/object-keys
507 silly ADD node_modules/object-is
508 silly ADD node_modules/object-inspect
509 silly ADD node_modules/object-hash
510 silly ADD node_modules/object-assign
511 silly ADD node_modules/nwsapi
512 silly ADD node_modules/nth-check
513 silly ADD node_modules/npm-run-path
514 silly ADD node_modules/normalize-url
515 silly ADD node_modules/normalize-range
516 silly ADD node_modules/normalize-path
517 silly ADD node_modules/node-releases
518 silly ADD node_modules/node-int64
519 silly ADD node_modules/node-forge
520 silly ADD node_modules/no-case
521 silly ADD node_modules/neo-async
522 silly ADD node_modules/negotiator
523 silly ADD node_modules/natural-compare-lite
524 silly ADD node_modules/natural-compare
525 silly ADD node_modules/nanoid
526 silly ADD node_modules/mz
527 silly ADD node_modules/multicast-dns
528 silly ADD node_modules/ms
529 silly ADD node_modules/mkdirp
530 silly ADD node_modules/minipass
531 silly ADD node_modules/minimist
532 silly ADD node_modules/minimatch
533 silly ADD node_modules/minimalistic-assert
534 silly ADD node_modules/mini-css-extract-plugin
535 silly ADD node_modules/min-indent
536 silly ADD node_modules/mimic-fn
537 silly ADD node_modules/mime-types
538 silly ADD node_modules/mime-db
539 silly ADD node_modules/mime
540 silly ADD node_modules/micromatch
541 silly ADD node_modules/methods
542 silly ADD node_modules/merge2
543 silly ADD node_modules/merge-stream
544 silly ADD node_modules/merge-descriptors
545 silly ADD node_modules/memfs
546 silly ADD node_modules/media-typer
547 silly ADD node_modules/mdn-data
548 silly ADD node_modules/makeerror
549 silly ADD node_modules/make-dir
550 silly ADD node_modules/make-dir/node_modules/semver
551 silly ADD node_modules/magic-string
552 silly ADD node_modules/lz-string
553 silly ADD node_modules/lru-cache
554 silly ADD node_modules/lower-case
555 silly ADD node_modules/loose-envify
556 silly ADD node_modules/lodash.uniq
557 silly ADD node_modules/lodash.sortby
558 silly ADD node_modules/lodash.merge
559 silly ADD node_modules/lodash.memoize
560 silly ADD node_modules/lodash.debounce
561 silly ADD node_modules/lodash
562 silly ADD node_modules/locate-path
563 silly ADD node_modules/loader-utils
564 silly ADD node_modules/loader-runner
565 silly ADD node_modules/lines-and-columns
566 silly ADD node_modules/lilconfig
567 silly ADD node_modules/levn
568 silly ADD node_modules/leven
569 silly ADD node_modules/launch-editor
570 silly ADD node_modules/language-tags
571 silly ADD node_modules/language-subtag-registry
572 silly ADD node_modules/klona
573 silly ADD node_modules/kleur
574 silly ADD node_modules/kind-of
575 silly ADD node_modules/keyv
576 silly ADD node_modules/jsx-ast-utils
577 silly ADD node_modules/jsonpointer
578 silly ADD node_modules/jsonpath
579 silly ADD node_modules/jsonpath/node_modules/esprima
580 silly ADD node_modules/jsonfile
581 silly ADD node_modules/json5
582 silly ADD node_modules/json-stable-stringify-without-jsonify
583 silly ADD node_modules/json-schema-traverse
584 silly ADD node_modules/json-schema
585 silly ADD node_modules/json-parse-even-better-errors
586 silly ADD node_modules/json-buffer
587 silly ADD node_modules/jsesc
588 silly ADD node_modules/jsdom
589 silly ADD node_modules/js-yaml
590 silly ADD node_modules/js-tokens
591 silly ADD node_modules/jiti
592 silly ADD node_modules/jest-worker
593 silly ADD node_modules/jest-worker/node_modules/supports-color
594 silly ADD node_modules/jest-watcher
595 silly ADD node_modules/jest-watch-typeahead
596 silly ADD node_modules/jest-watch-typeahead/node_modules/strip-ansi
597 silly ADD node_modules/jest-watch-typeahead/node_modules/strip-ansi/node_modules/ansi-regex
598 silly ADD node_modules/jest-watch-typeahead/node_modules/string-length
599 silly ADD node_modules/jest-watch-typeahead/node_modules/string-length/node_modules/char-regex
600 silly ADD node_modules/jest-watch-typeahead/node_modules/slash
601 silly ADD node_modules/jest-watch-typeahead/node_modules/react-is
602 silly ADD node_modules/jest-watch-typeahead/node_modules/pretty-format
603 silly ADD node_modules/jest-watch-typeahead/node_modules/jest-watcher
604 silly ADD node_modules/jest-watch-typeahead/node_modules/jest-watcher/node_modules/strip-ansi
605 silly ADD node_modules/jest-watch-typeahead/node_modules/jest-watcher/node_modules/string-length
606 silly ADD node_modules/jest-watch-typeahead/node_modules/jest-util
607 silly ADD node_modules/jest-watch-typeahead/node_modules/jest-regex-util
608 silly ADD node_modules/jest-watch-typeahead/node_modules/jest-message-util
609 silly ADD node_modules/jest-watch-typeahead/node_modules/jest-message-util/node_modules/slash
610 silly ADD node_modules/jest-watch-typeahead/node_modules/emittery
611 silly ADD node_modules/jest-watch-typeahead/node_modules/ansi-styles
612 silly ADD node_modules/jest-watch-typeahead/node_modules/@types/yargs
613 silly ADD node_modules/jest-watch-typeahead/node_modules/@jest/types
614 silly ADD node_modules/jest-watch-typeahead/node_modules/@jest/test-result
615 silly ADD node_modules/jest-watch-typeahead/node_modules/@jest/console
616 silly ADD node_modules/jest-watch-typeahead/node_modules/@jest/console/node_modules/slash
617 silly ADD node_modules/jest-validate
618 silly ADD node_modules/jest-util
619 silly ADD node_modules/jest-snapshot
620 silly ADD node_modules/jest-serializer
621 silly ADD node_modules/jest-runtime
622 silly ADD node_modules/jest-runner
623 silly ADD node_modules/jest-resolve-dependencies
624 silly ADD node_modules/jest-resolve
625 silly ADD node_modules/jest-regex-util
626 silly ADD node_modules/jest-pnp-resolver
627 silly ADD node_modules/jest-mock
628 silly ADD node_modules/jest-message-util
629 silly ADD node_modules/jest-matcher-utils
630 silly ADD node_modules/jest-leak-detector
631 silly ADD node_modules/jest-jasmine2
632 silly ADD node_modules/jest-haste-map
633 silly ADD node_modules/jest-get-type
634 silly ADD node_modules/jest-environment-node
635 silly ADD node_modules/jest-environment-jsdom
636 silly ADD node_modules/jest-each
637 silly ADD node_modules/jest-docblock
638 silly ADD node_modules/jest-diff
639 silly ADD node_modules/jest-config
640 silly ADD node_modules/jest-cli
641 silly ADD node_modules/jest-circus
642 silly ADD node_modules/jest-changed-files
643 silly ADD node_modules/jest
644 silly ADD node_modules/jake
645 silly ADD node_modules/jackspeak
646 silly ADD node_modules/iterator.prototype
647 silly ADD node_modules/istanbul-reports
648 silly ADD node_modules/istanbul-lib-source-maps
649 silly ADD node_modules/istanbul-lib-source-maps/node_modules/source-map
650 silly ADD node_modules/istanbul-lib-report
651 silly ADD node_modules/istanbul-lib-report/node_modules/make-dir
652 silly ADD node_modules/istanbul-lib-instrument
653 silly ADD node_modules/istanbul-lib-instrument/node_modules/semver
654 silly ADD node_modules/istanbul-lib-coverage
655 silly ADD node_modules/isexe
656 silly ADD node_modules/isarray
657 silly ADD node_modules/is-wsl
658 silly ADD node_modules/is-weakset
659 silly ADD node_modules/is-weakref
660 silly ADD node_modules/is-weakmap
661 silly ADD node_modules/is-typedarray
662 silly ADD node_modules/is-typed-array
663 silly ADD node_modules/is-symbol
664 silly ADD node_modules/is-string
665 silly ADD node_modules/is-stream
666 silly ADD node_modules/is-shared-array-buffer
667 silly ADD node_modules/is-set
668 silly ADD node_modules/is-root
669 silly ADD node_modules/is-regexp
670 silly ADD node_modules/is-regex
671 silly ADD node_modules/is-potential-custom-element-name
672 silly ADD node_modules/is-plain-obj
673 silly ADD node_modules/is-path-inside
674 silly ADD node_modules/is-obj
675 silly ADD node_modules/is-number-object
676 silly ADD node_modules/is-number
677 silly ADD node_modules/is-negative-zero
678 silly ADD node_modules/is-module
679 silly ADD node_modules/is-map
680 silly ADD node_modules/is-glob
681 silly ADD node_modules/is-generator-function
682 silly ADD node_modules/is-generator-fn
683 silly ADD node_modules/is-fullwidth-code-point
684 silly ADD node_modules/is-finalizationregistry
685 silly ADD node_modules/is-extglob
686 silly ADD node_modules/is-docker
687 silly ADD node_modules/is-date-object
688 silly ADD node_modules/is-data-view
689 silly ADD node_modules/is-core-module
690 silly ADD node_modules/is-callable
691 silly ADD node_modules/is-boolean-object
692 silly ADD node_modules/is-binary-path
693 silly ADD node_modules/is-bigint
694 silly ADD node_modules/is-async-function
695 silly ADD node_modules/is-arrayish
696 silly ADD node_modules/is-array-buffer
697 silly ADD node_modules/is-arguments
698 silly ADD node_modules/ipaddr.js
699 silly ADD node_modules/internal-slot
700 silly ADD node_modules/ini
701 silly ADD node_modules/inherits
702 silly ADD node_modules/inflight
703 silly ADD node_modules/indent-string
704 silly ADD node_modules/imurmurhash
705 silly ADD node_modules/import-local
706 silly ADD node_modules/import-fresh
707 silly ADD node_modules/import-fresh/node_modules/resolve-from
708 silly ADD node_modules/immer
709 silly ADD node_modules/ignore
710 silly ADD node_modules/identity-obj-proxy
711 silly ADD node_modules/idb
712 silly ADD node_modules/icss-utils
713 silly ADD node_modules/iconv-lite
714 silly ADD node_modules/human-signals
715 silly ADD node_modules/https-proxy-agent
716 silly ADD node_modules/http-proxy-middleware
717 silly ADD node_modules/http-proxy-agent
718 silly ADD node_modules/http-proxy
719 silly ADD node_modules/http-parser-js
720 silly ADD node_modules/http-errors
721 silly ADD node_modules/http-deceiver
722 silly ADD node_modules/htmlparser2
723 silly ADD node_modules/html-webpack-plugin
724 silly ADD node_modules/html-minifier-terser
725 silly ADD node_modules/html-escaper
726 silly ADD node_modules/html-entities
727 silly ADD node_modules/html-encoding-sniffer
728 silly ADD node_modules/hpack.js
729 silly ADD node_modules/hpack.js/node_modules/string_decoder
730 silly ADD node_modules/hpack.js/node_modules/safe-buffer
731 silly ADD node_modules/hpack.js/node_modules/readable-stream
732 silly ADD node_modules/hpack.js/node_modules/isarray
733 silly ADD node_modules/hoopy
734 silly ADD node_modules/he
735 silly ADD node_modules/hasown
736 silly ADD node_modules/has-tostringtag
737 silly ADD node_modules/has-symbols
738 silly ADD node_modules/has-proto
739 silly ADD node_modules/has-property-descriptors
740 silly ADD node_modules/has-flag
741 silly ADD node_modules/has-bigints
742 silly ADD node_modules/harmony-reflect
743 silly ADD node_modules/handle-thing
744 silly ADD node_modules/gzip-size
745 silly ADD node_modules/graphemer
746 silly ADD node_modules/graceful-fs
747 silly ADD node_modules/gopd
748 silly ADD node_modules/globby
749 silly ADD node_modules/globalthis
750 silly ADD node_modules/globals
751 silly ADD node_modules/global-prefix
752 silly ADD node_modules/global-prefix/node_modules/which
753 silly ADD node_modules/global-modules
754 silly ADD node_modules/glob-to-regexp
755 silly ADD node_modules/glob-parent
756 silly ADD node_modules/glob
757 silly ADD node_modules/get-symbol-description
758 silly ADD node_modules/get-stream
759 silly ADD node_modules/get-package-type
760 silly ADD node_modules/get-own-enumerable-property-symbols
761 silly ADD node_modules/get-intrinsic
762 silly ADD node_modules/get-caller-file
763 silly ADD node_modules/gensync
764 silly ADD node_modules/functions-have-names
765 silly ADD node_modules/function.prototype.name
766 silly ADD node_modules/function-bind
767 silly ADD node_modules/fsevents
768 silly ADD node_modules/fs.realpath
769 silly ADD node_modules/fs-monkey
770 silly ADD node_modules/fs-extra
771 silly ADD node_modules/fresh
772 silly ADD node_modules/fraction.js
773 silly ADD node_modules/forwarded
774 silly ADD node_modules/form-data
775 silly ADD node_modules/fork-ts-checker-webpack-plugin
776 silly ADD node_modules/fork-ts-checker-webpack-plugin/node_modules/tapable
777 silly ADD node_modules/fork-ts-checker-webpack-plugin/node_modules/schema-utils
778 silly ADD node_modules/fork-ts-checker-webpack-plugin/node_modules/fs-extra
779 silly ADD node_modules/fork-ts-checker-webpack-plugin/node_modules/cosmiconfig
780 silly ADD node_modules/foreground-child
781 silly ADD node_modules/foreground-child/node_modules/signal-exit
782 silly ADD node_modules/for-each
783 silly ADD node_modules/follow-redirects
784 silly ADD node_modules/flatted
785 silly ADD node_modules/flat-cache
786 silly ADD node_modules/find-up
787 silly ADD node_modules/find-cache-dir
788 silly ADD node_modules/finalhandler
789 silly ADD node_modules/finalhandler/node_modules/ms
790 silly ADD node_modules/finalhandler/node_modules/debug
791 silly ADD node_modules/fill-range
792 silly ADD node_modules/filesize
793 silly ADD node_modules/filelist
794 silly ADD node_modules/filelist/node_modules/minimatch
795 silly ADD node_modules/filelist/node_modules/brace-expansion
796 silly ADD node_modules/file-loader
797 silly ADD node_modules/file-loader/node_modules/schema-utils
798 silly ADD node_modules/file-entry-cache
799 silly ADD node_modules/fb-watchman
800 silly ADD node_modules/faye-websocket
801 silly ADD node_modules/fastq
802 silly ADD node_modules/fast-uri
803 silly ADD node_modules/fast-levenshtein
804 silly ADD node_modules/fast-json-stable-stringify
805 silly ADD node_modules/fast-glob
806 silly ADD node_modules/fast-glob/node_modules/glob-parent
807 silly ADD node_modules/fast-deep-equal
808 silly ADD node_modules/express
809 silly ADD node_modules/express/node_modules/ms
810 silly ADD node_modules/express/node_modules/debug
811 silly ADD node_modules/expect
812 silly ADD node_modules/exit
813 silly ADD node_modules/execa
814 silly ADD node_modules/events
815 silly ADD node_modules/eventemitter3
816 silly ADD node_modules/etag
817 silly ADD node_modules/esutils
818 silly ADD node_modules/estree-walker
819 silly ADD node_modules/estraverse
820 silly ADD node_modules/esrecurse
821 silly ADD node_modules/esquery
822 silly ADD node_modules/esprima
823 silly ADD node_modules/espree
824 silly ADD node_modules/eslint-webpack-plugin
825 silly ADD node_modules/eslint-webpack-plugin/node_modules/supports-color
826 silly ADD node_modules/eslint-webpack-plugin/node_modules/jest-worker
827 silly ADD node_modules/eslint-visitor-keys
828 silly ADD node_modules/eslint-scope
829 silly ADD node_modules/eslint-plugin-testing-library
830 silly ADD node_modules/eslint-plugin-react-hooks
831 silly ADD node_modules/eslint-plugin-react
832 silly ADD node_modules/eslint-plugin-react/node_modules/semver
833 silly ADD node_modules/eslint-plugin-react/node_modules/resolve
834 silly ADD node_modules/eslint-plugin-react/node_modules/doctrine
835 silly ADD node_modules/eslint-plugin-jsx-a11y
836 silly ADD node_modules/eslint-plugin-jest
837 silly ADD node_modules/eslint-plugin-import
838 silly ADD node_modules/eslint-plugin-import/node_modules/semver
839 silly ADD node_modules/eslint-plugin-import/node_modules/doctrine
840 silly ADD node_modules/eslint-plugin-import/node_modules/debug
841 silly ADD node_modules/eslint-plugin-flowtype
842 silly ADD node_modules/eslint-module-utils
843 silly ADD node_modules/eslint-module-utils/node_modules/debug
844 silly ADD node_modules/eslint-import-resolver-node
845 silly ADD node_modules/eslint-import-resolver-node/node_modules/debug
846 silly ADD node_modules/eslint-config-react-app
847 silly ADD node_modules/eslint
848 silly ADD node_modules/eslint/node_modules/type-fest
849 silly ADD node_modules/eslint/node_modules/p-locate
850 silly ADD node_modules/eslint/node_modules/p-limit
851 silly ADD node_modules/eslint/node_modules/locate-path
852 silly ADD node_modules/eslint/node_modules/js-yaml
853 silly ADD node_modules/eslint/node_modules/globals
854 silly ADD node_modules/eslint/node_modules/find-up
855 silly ADD node_modules/eslint/node_modules/argparse
856 silly ADD node_modules/escodegen
857 silly ADD node_modules/escodegen/node_modules/source-map
858 silly ADD node_modules/escape-string-regexp
859 silly ADD node_modules/escape-html
860 silly ADD node_modules/escalade
861 silly ADD node_modules/es-to-primitive
862 silly ADD node_modules/es-shim-unscopables
863 silly ADD node_modules/es-set-tostringtag
864 silly ADD node_modules/es-object-atoms
865 silly ADD node_modules/es-module-lexer
866 silly ADD node_modules/es-iterator-helpers
867 silly ADD node_modules/es-get-iterator
868 silly ADD node_modules/es-errors
869 silly ADD node_modules/es-define-property
870 silly ADD node_modules/es-array-method-boxes-properly
871 silly ADD node_modules/es-abstract
872 silly ADD node_modules/error-stack-parser
873 silly ADD node_modules/error-ex
874 silly ADD node_modules/entities
875 silly ADD node_modules/enhanced-resolve
876 silly ADD node_modules/encodeurl
877 silly ADD node_modules/emojis-list
878 silly ADD node_modules/emoji-regex
879 silly ADD node_modules/emittery
880 silly ADD node_modules/electron-to-chromium
881 silly ADD node_modules/ejs
882 silly ADD node_modules/ee-first
883 silly ADD node_modules/eastasianwidth
884 silly ADD node_modules/duplexer
885 silly ADD node_modules/dotenv-expand
886 silly ADD node_modules/dotenv
887 silly ADD node_modules/dot-case
888 silly ADD node_modules/domutils
889 silly ADD node_modules/domhandler
890 silly ADD node_modules/domexception
891 silly ADD node_modules/domexception/node_modules/webidl-conversions
892 silly ADD node_modules/domelementtype
893 silly ADD node_modules/dom-serializer
894 silly ADD node_modules/dom-converter
895 silly ADD node_modules/dom-accessibility-api
896 silly ADD node_modules/doctrine
897 silly ADD node_modules/dns-packet
898 silly ADD node_modules/dlv
899 silly ADD node_modules/dir-glob
900 silly ADD node_modules/diff-sequences
901 silly ADD node_modules/didyoumean
902 silly ADD node_modules/detect-port-alt
903 silly ADD node_modules/detect-port-alt/node_modules/ms
904 silly ADD node_modules/detect-port-alt/node_modules/debug
905 silly ADD node_modules/detect-node
906 silly ADD node_modules/detect-newline
907 silly ADD node_modules/destroy
908 silly ADD node_modules/dequal
909 silly ADD node_modules/depd
910 silly ADD node_modules/delayed-stream
911 silly ADD node_modules/define-properties
912 silly ADD node_modules/define-lazy-prop
913 silly ADD node_modules/define-data-property
914 silly ADD node_modules/default-gateway
915 silly ADD node_modules/deepmerge
916 silly ADD node_modules/deep-is
917 silly ADD node_modules/deep-equal
918 silly ADD node_modules/dedent
919 silly ADD node_modules/decimal.js
920 silly ADD node_modules/debug
921 silly ADD node_modules/data-view-byte-offset
922 silly ADD node_modules/data-view-byte-length
923 silly ADD node_modules/data-view-buffer
924 silly ADD node_modules/data-urls
925 silly ADD node_modules/damerau-levenshtein
926 silly ADD node_modules/csstype
927 silly ADD node_modules/cssstyle
928 silly ADD node_modules/cssstyle/node_modules/cssom
929 silly ADD node_modules/cssom
930 silly ADD node_modules/csso
931 silly ADD node_modules/csso/node_modules/source-map
932 silly ADD node_modules/csso/node_modules/mdn-data
933 silly ADD node_modules/csso/node_modules/css-tree
934 silly ADD node_modules/cssnano-utils
935 silly ADD node_modules/cssnano-preset-default
936 silly ADD node_modules/cssnano
937 silly ADD node_modules/cssesc
938 silly ADD node_modules/cssdb
939 silly ADD node_modules/css.escape
940 silly ADD node_modules/css-what
941 silly ADD node_modules/css-tree
942 silly ADD node_modules/css-tree/node_modules/source-map
943 silly ADD node_modules/css-select-base-adapter
944 silly ADD node_modules/css-select
945 silly ADD node_modules/css-prefers-color-scheme
946 silly ADD node_modules/css-minimizer-webpack-plugin
947 silly ADD node_modules/css-minimizer-webpack-plugin/node_modules/source-map
948 silly ADD node_modules/css-loader
949 silly ADD node_modules/css-has-pseudo
950 silly ADD node_modules/css-declaration-sorter
951 silly ADD node_modules/css-blank-pseudo
952 silly ADD node_modules/crypto-random-string
953 silly ADD node_modules/cross-spawn
954 silly ADD node_modules/cosmiconfig
955 silly ADD node_modules/core-util-is
956 silly ADD node_modules/core-js-pure
957 silly ADD node_modules/core-js-compat
958 silly ADD node_modules/core-js
959 silly ADD node_modules/cookie-signature
960 silly ADD node_modules/cookie
961 silly ADD node_modules/convert-source-map
962 silly ADD node_modules/content-type
963 silly ADD node_modules/content-disposition
964 silly ADD node_modules/connect-history-api-fallback
965 silly ADD node_modules/confusing-browser-globals
966 silly ADD node_modules/concat-map
967 silly ADD node_modules/compression
968 silly ADD node_modules/compression/node_modules/safe-buffer
969 silly ADD node_modules/compression/node_modules/ms
970 silly ADD node_modules/compression/node_modules/debug
971 silly ADD node_modules/compressible
972 silly ADD node_modules/commondir
973 silly ADD node_modules/common-tags
974 silly ADD node_modules/commander
975 silly ADD node_modules/combined-stream
976 silly ADD node_modules/colorette
977 silly ADD node_modules/colord
978 silly ADD node_modules/color-name
979 silly ADD node_modules/color-convert
980 silly ADD node_modules/collect-v8-coverage
981 silly ADD node_modules/coa
982 silly ADD node_modules/coa/node_modules/supports-color
983 silly ADD node_modules/coa/node_modules/has-flag
984 silly ADD node_modules/coa/node_modules/escape-string-regexp
985 silly ADD node_modules/coa/node_modules/color-name
986 silly ADD node_modules/coa/node_modules/color-convert
987 silly ADD node_modules/coa/node_modules/chalk
988 silly ADD node_modules/coa/node_modules/ansi-styles
989 silly ADD node_modules/co
990 silly ADD node_modules/cliui
991 silly ADD node_modules/clean-css
992 silly ADD node_modules/clean-css/node_modules/source-map
993 silly ADD node_modules/cjs-module-lexer
994 silly ADD node_modules/ci-info
995 silly ADD node_modules/chrome-trace-event
996 silly ADD node_modules/chokidar
997 silly ADD node_modules/chokidar/node_modules/glob-parent
998 silly ADD node_modules/check-types
999 silly ADD node_modules/char-regex
1000 silly ADD node_modules/chalk
1001 silly ADD node_modules/case-sensitive-paths-webpack-plugin
1002 silly ADD node_modules/caniuse-lite
1003 silly ADD node_modules/caniuse-api
1004 silly ADD node_modules/camelcase-css
1005 silly ADD node_modules/camelcase
1006 silly ADD node_modules/camel-case
1007 silly ADD node_modules/callsites
1008 silly ADD node_modules/call-bind
1009 silly ADD node_modules/bytes
1010 silly ADD node_modules/builtin-modules
1011 silly ADD node_modules/buffer-from
1012 silly ADD node_modules/bser
1013 silly ADD node_modules/browserslist
1014 silly ADD node_modules/browser-process-hrtime
1015 silly ADD node_modules/braces
1016 silly ADD node_modules/brace-expansion
1017 silly ADD node_modules/boolbase
1018 silly ADD node_modules/bonjour-service
1019 silly ADD node_modules/body-parser
1020 silly ADD node_modules/body-parser/node_modules/ms
1021 silly ADD node_modules/body-parser/node_modules/iconv-lite
1022 silly ADD node_modules/body-parser/node_modules/debug
1023 silly ADD node_modules/body-parser/node_modules/bytes
1024 silly ADD node_modules/bluebird
1025 silly ADD node_modules/binary-extensions
1026 silly ADD node_modules/big.js
1027 silly ADD node_modules/bfj
1028 silly ADD node_modules/batch
1029 silly ADD node_modules/balanced-match
1030 silly ADD node_modules/babel-preset-react-app
1031 silly ADD node_modules/babel-preset-jest
1032 silly ADD node_modules/babel-preset-current-node-syntax
1033 silly ADD node_modules/babel-plugin-transform-react-remove-prop-types
1034 silly ADD node_modules/babel-plugin-polyfill-regenerator
1035 silly ADD node_modules/babel-plugin-polyfill-corejs3
1036 silly ADD node_modules/babel-plugin-polyfill-corejs2
1037 silly ADD node_modules/babel-plugin-polyfill-corejs2/node_modules/semver
1038 silly ADD node_modules/babel-plugin-named-asset-import
1039 silly ADD node_modules/babel-plugin-macros
1040 silly ADD node_modules/babel-plugin-jest-hoist
1041 silly ADD node_modules/babel-plugin-istanbul
1042 silly ADD node_modules/babel-loader
1043 silly ADD node_modules/babel-loader/node_modules/schema-utils
1044 silly ADD node_modules/babel-jest
1045 silly ADD node_modules/axobject-query
1046 silly ADD node_modules/axios
1047 silly ADD node_modules/axios/node_modules/form-data
1048 silly ADD node_modules/axe-core
1049 silly ADD node_modules/available-typed-arrays
1050 silly ADD node_modules/autoprefixer
1051 silly ADD node_modules/at-least-node
1052 silly ADD node_modules/asynckit
1053 silly ADD node_modules/async
1054 silly ADD node_modules/ast-types-flow
1055 silly ADD node_modules/asap
1056 silly ADD node_modules/arraybuffer.prototype.slice
1057 silly ADD node_modules/array.prototype.tosorted
1058 silly ADD node_modules/array.prototype.reduce
1059 silly ADD node_modules/array.prototype.flatmap
1060 silly ADD node_modules/array.prototype.flat
1061 silly ADD node_modules/array.prototype.findlastindex
1062 silly ADD node_modules/array.prototype.findlast
1063 silly ADD node_modules/array-union
1064 silly ADD node_modules/array-includes
1065 silly ADD node_modules/array-flatten
1066 silly ADD node_modules/array-buffer-byte-length
1067 silly ADD node_modules/aria-query
1068 silly ADD node_modules/argparse
1069 silly ADD node_modules/arg
1070 silly ADD node_modules/anymatch
1071 silly ADD node_modules/any-promise
1072 silly ADD node_modules/ansi-styles
1073 silly ADD node_modules/ansi-regex
1074 silly ADD node_modules/ansi-html-community
1075 silly ADD node_modules/ansi-html
1076 silly ADD node_modules/ansi-escapes
1077 silly ADD node_modules/ajv-keywords
1078 silly ADD node_modules/ajv-formats
1079 silly ADD node_modules/ajv-formats/node_modules/json-schema-traverse
1080 silly ADD node_modules/ajv-formats/node_modules/ajv
1081 silly ADD node_modules/ajv
1082 silly ADD node_modules/agent-base
1083 silly ADD node_modules/adjust-sourcemap-loader
1084 silly ADD node_modules/address
1085 silly ADD node_modules/acorn-walk
1086 silly ADD node_modules/acorn-jsx
1087 silly ADD node_modules/acorn-import-attributes
1088 silly ADD node_modules/acorn-globals
1089 silly ADD node_modules/acorn-globals/node_modules/acorn
1090 silly ADD node_modules/acorn
1091 silly ADD node_modules/accepts
1092 silly ADD node_modules/abab
1093 silly ADD node_modules/@xtuc/long
1094 silly ADD node_modules/@xtuc/ieee754
1095 silly ADD node_modules/@webassemblyjs/wast-printer
1096 silly ADD node_modules/@webassemblyjs/wasm-parser
1097 silly ADD node_modules/@webassemblyjs/wasm-opt
1098 silly ADD node_modules/@webassemblyjs/wasm-gen
1099 silly ADD node_modules/@webassemblyjs/wasm-edit
1100 silly ADD node_modules/@webassemblyjs/utf8
1101 silly ADD node_modules/@webassemblyjs/leb128
1102 silly ADD node_modules/@webassemblyjs/ieee754
1103 silly ADD node_modules/@webassemblyjs/helper-wasm-section
1104 silly ADD node_modules/@webassemblyjs/helper-wasm-bytecode
1105 silly ADD node_modules/@webassemblyjs/helper-numbers
1106 silly ADD node_modules/@webassemblyjs/helper-buffer
1107 silly ADD node_modules/@webassemblyjs/helper-api-error
1108 silly ADD node_modules/@webassemblyjs/floating-point-hex-parser
1109 silly ADD node_modules/@webassemblyjs/ast
1110 silly ADD node_modules/@ungap/structured-clone
1111 silly ADD node_modules/@typescript-eslint/visitor-keys
1112 silly ADD node_modules/@typescript-eslint/utils
1113 silly ADD node_modules/@typescript-eslint/utils/node_modules/estraverse
1114 silly ADD node_modules/@typescript-eslint/utils/node_modules/eslint-scope
1115 silly ADD node_modules/@typescript-eslint/typescript-estree
1116 silly ADD node_modules/@typescript-eslint/types
1117 silly ADD node_modules/@typescript-eslint/type-utils
1118 silly ADD node_modules/@typescript-eslint/scope-manager
1119 silly ADD node_modules/@typescript-eslint/parser
1120 silly ADD node_modules/@typescript-eslint/experimental-utils
1121 silly ADD node_modules/@typescript-eslint/eslint-plugin
1122 silly ADD node_modules/@types/yargs-parser
1123 silly ADD node_modules/@types/yargs
1124 silly ADD node_modules/@types/ws
1125 silly ADD node_modules/@types/trusted-types
1126 silly ADD node_modules/@types/testing-library__jest-dom
1127 silly ADD node_modules/@types/stack-utils
1128 silly ADD node_modules/@types/sockjs
1129 silly ADD node_modules/@types/serve-static
1130 silly ADD node_modules/@types/serve-index
1131 silly ADD node_modules/@types/send
1132 silly ADD node_modules/@types/semver
1133 silly ADD node_modules/@types/retry
1134 silly ADD node_modules/@types/resolve
1135 silly ADD node_modules/@types/react-dom
1136 silly ADD node_modules/@types/react
1137 silly ADD node_modules/@types/range-parser
1138 silly ADD node_modules/@types/qs
1139 silly ADD node_modules/@types/q
1140 silly ADD node_modules/@types/prop-types
1141 silly ADD node_modules/@types/prettier
1142 silly ADD node_modules/@types/parse-json
1143 silly ADD node_modules/@types/node-forge
1144 silly ADD node_modules/@types/node
1145 silly ADD node_modules/@types/mime
1146 silly ADD node_modules/@types/json5
1147 silly ADD node_modules/@types/json-schema
1148 silly ADD node_modules/@types/jest
1149 silly ADD node_modules/@types/jest/node_modules/react-is
1150 silly ADD node_modules/@types/jest/node_modules/pretty-format
1151 silly ADD node_modules/@types/jest/node_modules/jest-util
1152 silly ADD node_modules/@types/jest/node_modules/jest-message-util
1153 silly ADD node_modules/@types/jest/node_modules/jest-matcher-utils
1154 silly ADD node_modules/@types/jest/node_modules/jest-get-type
1155 silly ADD node_modules/@types/jest/node_modules/jest-diff
1156 silly ADD node_modules/@types/jest/node_modules/expect
1157 silly ADD node_modules/@types/jest/node_modules/diff-sequences
1158 silly ADD node_modules/@types/jest/node_modules/ansi-styles
1159 silly ADD node_modules/@types/jest/node_modules/@types/yargs
1160 silly ADD node_modules/@types/jest/node_modules/@sinclair/typebox
1161 silly ADD node_modules/@types/jest/node_modules/@jest/types
1162 silly ADD node_modules/@types/jest/node_modules/@jest/schemas
1163 silly ADD node_modules/@types/istanbul-reports
1164 silly ADD node_modules/@types/istanbul-lib-report
1165 silly ADD node_modules/@types/istanbul-lib-coverage
1166 silly ADD node_modules/@types/http-proxy
1167 silly ADD node_modules/@types/http-errors
1168 silly ADD node_modules/@types/html-minifier-terser
1169 silly ADD node_modules/@types/graceful-fs
1170 silly ADD node_modules/@types/express-serve-static-core
1171 silly ADD node_modules/@types/express
1172 silly ADD node_modules/@types/express/node_modules/@types/express-serve-static-core
1173 silly ADD node_modules/@types/estree
1174 silly ADD node_modules/@types/eslint
1175 silly ADD node_modules/@types/connect-history-api-fallback
1176 silly ADD node_modules/@types/connect
1177 silly ADD node_modules/@types/bonjour
1178 silly ADD node_modules/@types/body-parser
1179 silly ADD node_modules/@types/babel__traverse
1180 silly ADD node_modules/@types/babel__template
1181 silly ADD node_modules/@types/babel__generator
1182 silly ADD node_modules/@types/babel__core
1183 silly ADD node_modules/@types/aria-query
1184 silly ADD node_modules/@trysound/sax
1185 silly ADD node_modules/@tootallnate/once
1186 silly ADD node_modules/@testing-library/user-event
1187 silly ADD node_modules/@testing-library/react
1188 silly ADD node_modules/@testing-library/react/node_modules/aria-query
1189 silly ADD node_modules/@testing-library/react/node_modules/@testing-library/dom
1190 silly ADD node_modules/@testing-library/jest-dom
1191 silly ADD node_modules/@testing-library/jest-dom/node_modules/chalk
1192 silly ADD node_modules/@testing-library/dom
1193 silly ADD node_modules/@testing-library/dom/node_modules/aria-query
1194 silly ADD node_modules/@svgr/webpack
1195 silly ADD node_modules/@svgr/plugin-svgo
1196 silly ADD node_modules/@svgr/plugin-jsx
1197 silly ADD node_modules/@svgr/hast-util-to-babel-ast
1198 silly ADD node_modules/@svgr/core
1199 silly ADD node_modules/@svgr/babel-preset
1200 silly ADD node_modules/@svgr/babel-plugin-transform-svg-component
1201 silly ADD node_modules/@svgr/babel-plugin-transform-react-native-svg
1202 silly ADD node_modules/@svgr/babel-plugin-svg-em-dimensions
1203 silly ADD node_modules/@svgr/babel-plugin-svg-dynamic-title
1204 silly ADD node_modules/@svgr/babel-plugin-replace-jsx-attribute-value
1205 silly ADD node_modules/@svgr/babel-plugin-remove-jsx-empty-expression
1206 silly ADD node_modules/@svgr/babel-plugin-remove-jsx-attribute
1207 silly ADD node_modules/@svgr/babel-plugin-add-jsx-attribute
1208 silly ADD node_modules/@surma/rollup-plugin-off-main-thread
1209 silly ADD node_modules/@sinonjs/fake-timers
1210 silly ADD node_modules/@sinonjs/commons
1211 silly ADD node_modules/@sinclair/typebox
1212 silly ADD node_modules/@rushstack/eslint-patch
1213 silly ADD node_modules/@rtsao/scc
1214 silly ADD node_modules/@rollup/pluginutils
1215 silly ADD node_modules/@rollup/pluginutils/node_modules/@types/estree
1216 silly ADD node_modules/@rollup/plugin-replace
1217 silly ADD node_modules/@rollup/plugin-node-resolve
1218 silly ADD node_modules/@rollup/plugin-babel
1219 silly ADD node_modules/@remix-run/router
1220 silly ADD node_modules/@pmmmwh/react-refresh-webpack-plugin
1221 silly ADD node_modules/@pkgjs/parseargs
1222 silly ADD node_modules/@nodelib/fs.walk
1223 silly ADD node_modules/@nodelib/fs.stat
1224 silly ADD node_modules/@nodelib/fs.scandir
1225 silly ADD node_modules/@nicolo-ribaudo/eslint-scope-5-internals
1226 silly ADD node_modules/@nicolo-ribaudo/eslint-scope-5-internals/node_modules/estraverse
1227 silly ADD node_modules/@nicolo-ribaudo/eslint-scope-5-internals/node_modules/eslint-scope
1228 silly ADD node_modules/@leichtgewicht/ip-codec
1229 silly ADD node_modules/@jridgewell/trace-mapping
1230 silly ADD node_modules/@jridgewell/sourcemap-codec
1231 silly ADD node_modules/@jridgewell/source-map
1232 silly ADD node_modules/@jridgewell/set-array
1233 silly ADD node_modules/@jridgewell/resolve-uri
1234 silly ADD node_modules/@jridgewell/gen-mapping
1235 silly ADD node_modules/@jest/types
1236 silly ADD node_modules/@jest/transform
1237 silly ADD node_modules/@jest/transform/node_modules/source-map
1238 silly ADD node_modules/@jest/transform/node_modules/convert-source-map
1239 silly ADD node_modules/@jest/test-sequencer
1240 silly ADD node_modules/@jest/test-result
1241 silly ADD node_modules/@jest/source-map
1242 silly ADD node_modules/@jest/source-map/node_modules/source-map
1243 silly ADD node_modules/@jest/schemas
1244 silly ADD node_modules/@jest/reporters
1245 silly ADD node_modules/@jest/reporters/node_modules/source-map
1246 silly ADD node_modules/@jest/globals
1247 silly ADD node_modules/@jest/fake-timers
1248 silly ADD node_modules/@jest/expect-utils
1249 silly ADD node_modules/@jest/expect-utils/node_modules/jest-get-type
1250 silly ADD node_modules/@jest/environment
1251 silly ADD node_modules/@jest/core
1252 silly ADD node_modules/@jest/console
1253 silly ADD node_modules/@istanbuljs/schema
1254 silly ADD node_modules/@istanbuljs/load-nyc-config
1255 silly ADD node_modules/@istanbuljs/load-nyc-config/node_modules/camelcase
1256 silly ADD node_modules/@isaacs/cliui
1257 silly ADD node_modules/@isaacs/cliui/node_modules/wrap-ansi
1258 silly ADD node_modules/@isaacs/cliui/node_modules/strip-ansi
1259 silly ADD node_modules/@isaacs/cliui/node_modules/string-width
1260 silly ADD node_modules/@isaacs/cliui/node_modules/ansi-styles
1261 silly ADD node_modules/@isaacs/cliui/node_modules/ansi-regex
1262 silly ADD node_modules/@humanwhocodes/object-schema
1263 silly ADD node_modules/@humanwhocodes/module-importer
1264 silly ADD node_modules/@humanwhocodes/config-array
1265 silly ADD node_modules/@eslint/js
1266 silly ADD node_modules/@eslint/eslintrc
1267 silly ADD node_modules/@eslint/eslintrc/node_modules/type-fest
1268 silly ADD node_modules/@eslint/eslintrc/node_modules/js-yaml
1269 silly ADD node_modules/@eslint/eslintrc/node_modules/globals
1270 silly ADD node_modules/@eslint/eslintrc/node_modules/argparse
1271 silly ADD node_modules/@eslint-community/regexpp
1272 silly ADD node_modules/@eslint-community/eslint-utils
1273 silly ADD node_modules/@csstools/selector-specificity
1274 silly ADD node_modules/@csstools/postcss-unset-value
1275 silly ADD node_modules/@csstools/postcss-trigonometric-functions
1276 silly ADD node_modules/@csstools/postcss-text-decoration-shorthand
1277 silly ADD node_modules/@csstools/postcss-stepped-value-functions
1278 silly ADD node_modules/@csstools/postcss-progressive-custom-properties
1279 silly ADD node_modules/@csstools/postcss-oklab-function
1280 silly ADD node_modules/@csstools/postcss-normalize-display-values
1281 silly ADD node_modules/@csstools/postcss-nested-calc
1282 silly ADD node_modules/@csstools/postcss-is-pseudo-class
1283 silly ADD node_modules/@csstools/postcss-ic-unit
1284 silly ADD node_modules/@csstools/postcss-hwb-function
1285 silly ADD node_modules/@csstools/postcss-font-format-keywords
1286 silly ADD node_modules/@csstools/postcss-color-function
1287 silly ADD node_modules/@csstools/postcss-cascade-layers
1288 silly ADD node_modules/@csstools/normalize.css
1289 silly ADD node_modules/@bcoe/v8-coverage
1290 silly ADD node_modules/@babel/types
1291 silly ADD node_modules/@babel/traverse
1292 silly ADD node_modules/@babel/template
1293 silly ADD node_modules/@babel/runtime
1294 silly ADD node_modules/@babel/preset-typescript
1295 silly ADD node_modules/@babel/preset-react
1296 silly ADD node_modules/@babel/preset-modules
1297 silly ADD node_modules/@babel/preset-env
1298 silly ADD node_modules/@babel/preset-env/node_modules/semver
1299 silly ADD node_modules/@babel/plugin-transform-unicode-sets-regex
1300 silly ADD node_modules/@babel/plugin-transform-unicode-regex
1301 silly ADD node_modules/@babel/plugin-transform-unicode-property-regex
1302 silly ADD node_modules/@babel/plugin-transform-unicode-escapes
1303 silly ADD node_modules/@babel/plugin-transform-typescript
1304 silly ADD node_modules/@babel/plugin-transform-typeof-symbol
1305 silly ADD node_modules/@babel/plugin-transform-template-literals
1306 silly ADD node_modules/@babel/plugin-transform-sticky-regex
1307 silly ADD node_modules/@babel/plugin-transform-spread
1308 silly ADD node_modules/@babel/plugin-transform-shorthand-properties
1309 silly ADD node_modules/@babel/plugin-transform-runtime
1310 silly ADD node_modules/@babel/plugin-transform-runtime/node_modules/semver
1311 silly ADD node_modules/@babel/plugin-transform-reserved-words
1312 silly ADD node_modules/@babel/plugin-transform-regexp-modifiers
1313 silly ADD node_modules/@babel/plugin-transform-regenerator
1314 silly ADD node_modules/@babel/plugin-transform-react-pure-annotations
1315 silly ADD node_modules/@babel/plugin-transform-react-jsx-development
1316 silly ADD node_modules/@babel/plugin-transform-react-jsx
1317 silly ADD node_modules/@babel/plugin-transform-react-display-name
1318 silly ADD node_modules/@babel/plugin-transform-react-constant-elements
1319 silly ADD node_modules/@babel/plugin-transform-property-literals
1320 silly ADD node_modules/@babel/plugin-transform-private-property-in-object
1321 silly ADD node_modules/@babel/plugin-transform-private-methods
1322 silly ADD node_modules/@babel/plugin-transform-parameters
1323 silly ADD node_modules/@babel/plugin-transform-optional-chaining
1324 silly ADD node_modules/@babel/plugin-transform-optional-catch-binding
1325 silly ADD node_modules/@babel/plugin-transform-object-super
1326 silly ADD node_modules/@babel/plugin-transform-object-rest-spread
1327 silly ADD node_modules/@babel/plugin-transform-numeric-separator
1328 silly ADD node_modules/@babel/plugin-transform-nullish-coalescing-operator
1329 silly ADD node_modules/@babel/plugin-transform-new-target
1330 silly ADD node_modules/@babel/plugin-transform-named-capturing-groups-regex
1331 silly ADD node_modules/@babel/plugin-transform-modules-umd
1332 silly ADD node_modules/@babel/plugin-transform-modules-systemjs
1333 silly ADD node_modules/@babel/plugin-transform-modules-commonjs
1334 silly ADD node_modules/@babel/plugin-transform-modules-amd
1335 silly ADD node_modules/@babel/plugin-transform-member-expression-literals
1336 silly ADD node_modules/@babel/plugin-transform-logical-assignment-operators
1337 silly ADD node_modules/@babel/plugin-transform-literals
1338 silly ADD node_modules/@babel/plugin-transform-json-strings
1339 silly ADD node_modules/@babel/plugin-transform-function-name
1340 silly ADD node_modules/@babel/plugin-transform-for-of
1341 silly ADD node_modules/@babel/plugin-transform-flow-strip-types
1342 silly ADD node_modules/@babel/plugin-transform-export-namespace-from
1343 silly ADD node_modules/@babel/plugin-transform-exponentiation-operator
1344 silly ADD node_modules/@babel/plugin-transform-dynamic-import
1345 silly ADD node_modules/@babel/plugin-transform-duplicate-named-capturing-groups-regex
1346 silly ADD node_modules/@babel/plugin-transform-duplicate-keys
1347 silly ADD node_modules/@babel/plugin-transform-dotall-regex
1348 silly ADD node_modules/@babel/plugin-transform-destructuring
1349 silly ADD node_modules/@babel/plugin-transform-computed-properties
1350 silly ADD node_modules/@babel/plugin-transform-classes
1351 silly ADD node_modules/@babel/plugin-transform-class-static-block
1352 silly ADD node_modules/@babel/plugin-transform-class-properties
1353 silly ADD node_modules/@babel/plugin-transform-block-scoping
1354 silly ADD node_modules/@babel/plugin-transform-block-scoped-functions
1355 silly ADD node_modules/@babel/plugin-transform-async-to-generator
1356 silly ADD node_modules/@babel/plugin-transform-async-generator-functions
1357 silly ADD node_modules/@babel/plugin-transform-arrow-functions
1358 silly ADD node_modules/@babel/plugin-syntax-unicode-sets-regex
1359 silly ADD node_modules/@babel/plugin-syntax-typescript
1360 silly ADD node_modules/@babel/plugin-syntax-top-level-await
1361 silly ADD node_modules/@babel/plugin-syntax-private-property-in-object
1362 silly ADD node_modules/@babel/plugin-syntax-optional-chaining
1363 silly ADD node_modules/@babel/plugin-syntax-optional-catch-binding
1364 silly ADD node_modules/@babel/plugin-syntax-object-rest-spread
1365 silly ADD node_modules/@babel/plugin-syntax-numeric-separator
1366 silly ADD node_modules/@babel/plugin-syntax-nullish-coalescing-operator
1367 silly ADD node_modules/@babel/plugin-syntax-logical-assignment-operators
1368 silly ADD node_modules/@babel/plugin-syntax-jsx
1369 silly ADD node_modules/@babel/plugin-syntax-json-strings
1370 silly ADD node_modules/@babel/plugin-syntax-import-meta
1371 silly ADD node_modules/@babel/plugin-syntax-import-attributes
1372 silly ADD node_modules/@babel/plugin-syntax-import-assertions
1373 silly ADD node_modules/@babel/plugin-syntax-flow
1374 silly ADD node_modules/@babel/plugin-syntax-decorators
1375 silly ADD node_modules/@babel/plugin-syntax-class-static-block
1376 silly ADD node_modules/@babel/plugin-syntax-class-properties
1377 silly ADD node_modules/@babel/plugin-syntax-bigint
1378 silly ADD node_modules/@babel/plugin-syntax-async-generators
1379 silly ADD node_modules/@babel/plugin-proposal-private-property-in-object
1380 silly ADD node_modules/@babel/plugin-proposal-private-methods
1381 silly ADD node_modules/@babel/plugin-proposal-optional-chaining
1382 silly ADD node_modules/@babel/plugin-proposal-numeric-separator
1383 silly ADD node_modules/@babel/plugin-proposal-nullish-coalescing-operator
1384 silly ADD node_modules/@babel/plugin-proposal-decorators
1385 silly ADD node_modules/@babel/plugin-proposal-class-properties
1386 silly ADD node_modules/@babel/plugin-bugfix-v8-static-class-fields-redefine-readonly
1387 silly ADD node_modules/@babel/plugin-bugfix-v8-spread-parameters-in-optional-chaining
1388 silly ADD node_modules/@babel/plugin-bugfix-safari-id-destructuring-collision-in-function-expression
1389 silly ADD node_modules/@babel/plugin-bugfix-safari-class-field-initializer-scope
1390 silly ADD node_modules/@babel/plugin-bugfix-firefox-class-in-computed-class-key
1391 silly ADD node_modules/@babel/parser
1392 silly ADD node_modules/@babel/helpers
1393 silly ADD node_modules/@babel/helper-wrap-function
1394 silly ADD node_modules/@babel/helper-validator-option
1395 silly ADD node_modules/@babel/helper-validator-identifier
1396 silly ADD node_modules/@babel/helper-string-parser
1397 silly ADD node_modules/@babel/helper-skip-transparent-expression-wrappers
1398 silly ADD node_modules/@babel/helper-simple-access
1399 silly ADD node_modules/@babel/helper-replace-supers
1400 silly ADD node_modules/@babel/helper-remap-async-to-generator
1401 silly ADD node_modules/@babel/helper-plugin-utils
1402 silly ADD node_modules/@babel/helper-optimise-call-expression
1403 silly ADD node_modules/@babel/helper-module-transforms
1404 silly ADD node_modules/@babel/helper-module-imports
1405 silly ADD node_modules/@babel/helper-member-expression-to-functions
1406 silly ADD node_modules/@babel/helper-define-polyfill-provider
1407 silly ADD node_modules/@babel/helper-create-regexp-features-plugin
1408 silly ADD node_modules/@babel/helper-create-regexp-features-plugin/node_modules/semver
1409 silly ADD node_modules/@babel/helper-create-class-features-plugin
1410 silly ADD node_modules/@babel/helper-create-class-features-plugin/node_modules/semver
1411 silly ADD node_modules/@babel/helper-compilation-targets
1412 silly ADD node_modules/@babel/helper-compilation-targets/node_modules/semver
1413 silly ADD node_modules/@babel/helper-builder-binary-assignment-operator-visitor
1414 silly ADD node_modules/@babel/helper-annotate-as-pure
1415 silly ADD node_modules/@babel/generator
1416 silly ADD node_modules/@babel/eslint-parser
1417 silly ADD node_modules/@babel/eslint-parser/node_modules/semver
1418 silly ADD node_modules/@babel/eslint-parser/node_modules/eslint-visitor-keys
1419 silly ADD node_modules/@babel/core
1420 silly ADD node_modules/@babel/core/node_modules/semver
1421 silly ADD node_modules/@babel/compat-data
1422 silly ADD node_modules/@babel/code-frame
1423 silly ADD node_modules/@ampproject/remapping
1424 silly ADD node_modules/@alloc/quick-lru
1425 silly ADD node_modules/@adobe/css-tools
1426 verbose cwd /Users/lixiachen/Desktop/MakeItEasy-UI
1427 verbose os Darwin 23.6.0
1428 verbose node v22.8.0
1429 verbose npm  v10.8.3
1430 verbose exit 0
1431 info ok
