0 verbose cli /usr/local/bin/node /usr/local/bin/npm
1 info using npm@10.8.3
2 info using node@v22.8.0
3 silly config load:file:/usr/local/lib/node_modules/npm/npmrc
4 silly config load:file:/Users/lixiachen/Desktop/MakeItEasy-UI/.npmrc
5 silly config load:file:/Users/lixiachen/.npmrc
6 silly config load:file:/usr/local/etc/npmrc
7 verbose title npm view @testing-library/jest-dom description dist-tags.latest homepage version time
8 verbose argv "view" "--json" "--" "@testing-library/jest-dom" "description" "dist-tags.latest" "homepage" "version" "time"
9 verbose logfile logs-max:10 dir:/Users/lixiachen/Desktop/MakeItEasy-UI/C:Develnodejsnpm-cache/_logs/2024-12-16T01_55_58_913Z-
10 verbose logfile /Users/lixiachen/Desktop/MakeItEasy-UI/C:Develnodejsnpm-cache/_logs/2024-12-16T01_55_58_913Z-debug-0.log
11 silly logfile done cleaning log files
12 http fetch GET https://registry.npmjs.org/@testing-library%2fjest-dom attempt 1 failed with ETIMEDOUT
13 http fetch GET https://registry.npmjs.org/@testing-library%2fjest-dom attempt 2 failed with ETIMEDOUT
14 http fetch GET https://registry.npmjs.org/@testing-library%2fjest-dom attempt 3 failed with ETIMEDOUT
15 verbose type system
16 verbose stack FetchError: request to https://registry.npmjs.org/@testing-library%2fjest-dom failed, reason: 
16 verbose stack     at ClientRequest.<anonymous> (/usr/local/lib/node_modules/npm/node_modules/minipass-fetch/lib/index.js:130:14)
16 verbose stack     at ClientRequest.emit (node:events:520:28)
16 verbose stack     at emitErrorEvent (node:_http_client:103:11)
16 verbose stack     at _destroy (node:_http_client:886:9)
16 verbose stack     at onSocketNT (node:_http_client:906:5)
16 verbose stack     at process.processTicksAndRejections (node:internal/process/task_queues:91:21)
17 error code ETIMEDOUT
18 error errno ETIMEDOUT
19 error network request to https://registry.npmjs.org/@testing-library%2fjest-dom failed, reason: 
20 error network This is a problem related to network connectivity.
20 error network In most cases you are behind a proxy or have bad network settings.
20 error network
20 error network If you are behind a proxy, please make sure that the
20 error network 'proxy' config is set properly.  See: 'npm help config'
21 verbose cwd /Users/lixiachen/Desktop/MakeItEasy-UI
22 verbose os Darwin 23.6.0
23 verbose node v22.8.0
24 verbose npm  v10.8.3
25 verbose exit 1
26 verbose code 1
27 error A complete log of this run can be found in: /Users/lixiachen/Desktop/MakeItEasy-UI/C:Develnodejsnpm-cache/_logs/2024-12-16T01_55_58_913Z-debug-0.log
